nohup: ignoring input
Results for (M, N) = (512, 512)
('colreduct_disc', 1.0)
('colreduct1_256x32', 1.0299145299145298)
('colreduct1_512x32', 1.034188034188034)
('colreduct2_32x8x64', 1.0726495726495726)

Results for (M, N) = (512, 1024)
('colreduct1_256x32', 0.804532284768212)
('colreduct1_512x32', 0.8145695364238411)
('colreduct2_32x8x64', 0.8378518211920529)
('colreduct_disc', 1.0)

Results for (M, N) = (512, 1536)
('colreduct1_512x32', 0.6720430107526881)
('colreduct1_256x32', 0.7096774193548387)
('colreduct2_32x8x64', 0.7123655913978495)
('colreduct_disc', 1.0)

Results for (M, N) = (512, 2048)
('colreduct1_512x32', 0.5954022988505747)
('colreduct1_256x32', 0.6091954022988506)
('colreduct2_32x8x64', 0.6344827586206897)
('colreduct_disc', 1.0)

Results for (M, N) = (512, 2560)
('colreduct1_512x32', 0.5413385826771654)
('colreduct1_256x32', 0.561023622047244)
('colreduct2_32x8x64', 0.5708661417322834)
('colreduct_disc', 1.0)

Results for (M, N) = (512, 3072)
('colreduct1_512x32', 0.4912242090784044)
('colreduct2_32x8x64', 0.5176341127922971)
('colreduct1_256x32', 0.5246217331499312)
('colreduct_disc', 1.0)

Results for (M, N) = (512, 3584)
('colreduct1_512x32', 0.4679186228482003)
('colreduct2_32x8x64', 0.4898278560250391)
('colreduct1_256x32', 0.5101721439749609)
('colreduct_disc', 1.0)

Results for (M, N) = (512, 4096)
('colreduct2_32x8x64', 0.44491525423728817)
('colreduct1_512x32', 0.45197740112994356)
('colreduct1_256x32', 0.4533898305084746)
('colreduct_disc', 1.0)

Results for (M, N) = (512, 4608)
('colreduct2_32x8x64', 0.4168831168831169)
('colreduct1_256x32', 0.4298701298701299)
('colreduct1_512x32', 0.4311688311688312)
('colreduct_disc', 1.0)

Results for (M, N) = (512, 5120)
('colreduct2_32x8x64', 0.40501792114695345)
('colreduct1_256x32', 0.40740740740740744)
('colreduct1_512x32', 0.40740740740740744)
('colreduct_disc', 1.0)

Results for (M, N) = (512, 5632)
('colreduct2_32x8x64', 0.381578947368421)
('colreduct1_512x32', 0.38709566885964913)
('colreduct1_256x32', 0.39254385964912275)
('colreduct_disc', 1.0)

Results for (M, N) = (512, 6144)
('colreduct1_512x32', 0.37037037037037035)
('colreduct2_32x8x64', 0.3724279835390946)
('colreduct1_256x32', 0.3734567901234568)
('colreduct_disc', 1.0)

Results for (M, N) = (512, 6656)
('colreduct2_32x8x64', 0.35727969348659)
('colreduct1_256x32', 0.3668582375478927)
('colreduct1_512x32', 0.3793103448275862)
('colreduct_disc', 1.0)

Results for (M, N) = (512, 7168)
('colreduct2_32x8x64', 0.36003600360036003)
('colreduct1_256x32', 0.36273627362736277)
('colreduct1_512x32', 0.36273627362736277)
('colreduct_disc', 1.0)

Results for (M, N) = (512, 7680)
('colreduct1_512x32', 0.34098639455782315)
('colreduct2_32x8x64', 0.35374149659863946)
('colreduct1_256x32', 0.3664965986394558)
('colreduct_disc', 1.0)

Results for (M, N) = (512, 8192)
('colreduct2_32x8x64', 0.33972540849878263)
('colreduct1_256x32', 0.34775733540824777)
('colreduct1_512x32', 0.3566175547802515)
('colreduct_disc', 1.0)

Results for (M, N) = (1024, 512)
('colreduct1_256x32', 0.7941176470588235)
('colreduct1_512x32', 0.7941176470588235)
('colreduct2_32x8x64', 0.8300653594771242)
('colreduct_disc', 1.0)

Results for (M, N) = (1024, 1024)
('colreduct1_512x32', 0.5808656036446469)
('colreduct1_256x32', 0.5968109339407746)
('colreduct2_32x8x64', 0.6217966970387243)
('colreduct_disc', 1.0)

Results for (M, N) = (1024, 1536)
('colreduct1_512x32', 0.5061295971978984)
('colreduct1_256x32', 0.51138353765324)
('colreduct2_32x8x64', 0.5253940455341506)
('colreduct_disc', 1.0)

Results for (M, N) = (1024, 2048)
('colreduct1_512x32', 0.4338549075391181)
('colreduct2_32x8x64', 0.45234708392603135)
('colreduct1_256x32', 0.453769559032717)
('colreduct_disc', 1.0)

Results for (M, N) = (1024, 2560)
('colreduct2_32x8x64', 0.4105011933174224)
('colreduct1_512x32', 0.42239707637231505)
('colreduct1_256x32', 0.42840095465393796)
('colreduct_disc', 1.0)

Results for (M, N) = (1024, 3072)
('colreduct1_512x32', 0.37025641025641026)
('colreduct2_32x8x64', 0.37025641025641026)
('colreduct1_256x32', 0.3876923076923077)
('colreduct_disc', 1.0)

Results for (M, N) = (1024, 3584)
('colreduct1_256x32', 0.36093609360936096)
('colreduct2_32x8x64', 0.36183618361836184)
('colreduct1_512x32', 0.36993699369936994)
('colreduct_disc', 1.0)

Results for (M, N) = (1024, 4096)
('colreduct2_32x8x64', 0.33493975903614454)
('colreduct1_256x32', 0.34538152610441764)
('colreduct1_512x32', 0.34615963855421683)
('colreduct_disc', 1.0)

Results for (M, N) = (1024, 4608)
('colreduct1_512x32', 0.3224873463485177)
('colreduct2_32x8x64', 0.3239108821402748)
('colreduct1_256x32', 0.3297180043383948)
('colreduct_disc', 1.0)

Results for (M, N) = (1024, 5120)
('colreduct2_32x8x64', 0.30919765166340507)
('colreduct1_512x32', 0.3111545988258317)
('colreduct1_256x32', 0.32161203522504894)
('colreduct_disc', 1.0)

Results for (M, N) = (1024, 5632)
('colreduct1_256x32', 0.30434782608695654)
('colreduct1_512x32', 0.30434782608695654)
('colreduct2_32x8x64', 0.31139835487661577)
('colreduct_disc', 1.0)

Results for (M, N) = (1024, 6144)
('colreduct2_32x8x64', 0.2886872998932764)
('colreduct1_512x32', 0.3020277481323372)
('colreduct1_256x32', 0.3084311632870864)
('colreduct_disc', 1.0)

Results for (M, N) = (1024, 6656)
('colreduct2_32x8x64', 0.27893462469733654)
('colreduct1_512x32', 0.28619854721549637)
('colreduct1_256x32', 0.29491525423728815)
('colreduct_disc', 1.0)

Results for (M, N) = (1024, 7168)
('colreduct1_512x32', 0.27061970575122607)
('colreduct1_256x32', 0.27686134641105664)
('colreduct2_32x8x64', 0.2889127284886313)
('colreduct_disc', 1.0)

Results for (M, N) = (1024, 7680)
('colreduct1_256x32', 0.26394052044609667)
('colreduct2_32x8x64', 0.2746798843453119)
('colreduct1_512x32', 0.2850061957868649)
('colreduct_disc', 1.0)

Results for (M, N) = (1024, 8192)
('colreduct1_512x32', 0.26411765416732125)
('colreduct2_32x8x64', 0.2672112723713308)
('colreduct1_256x32', 0.2761054247078585)
('colreduct_disc', 1.0)

Results for (M, N) = (1536, 512)
('colreduct1_256x32', 0.6720430107526881)
('colreduct1_512x32', 0.6801075268817205)
('colreduct2_32x8x64', 0.706989247311828)
('colreduct_disc', 1.0)

Results for (M, N) = (1536, 1024)
('colreduct1_256x32', 0.4912891986062718)
('colreduct1_512x32', 0.5087108013937283)
('colreduct2_32x8x64', 0.5139372822299652)
('colreduct_disc', 1.0)

Results for (M, N) = (1536, 1536)
('colreduct1_512x32', 0.4180645161290323)
('colreduct2_32x8x64', 0.42193548387096774)
('colreduct1_256x32', 0.432258064516129)
('colreduct_disc', 1.0)

Results for (M, N) = (1536, 2048)
('colreduct1_512x32', 0.36008230452674894)
('colreduct1_256x32', 0.3672839506172839)
('colreduct2_32x8x64', 0.3672839506172839)
('colreduct_disc', 1.0)

Results for (M, N) = (1536, 2560)
('colreduct1_512x32', 0.35259133389974506)
('colreduct2_32x8x64', 0.3559898045879354)
('colreduct1_256x32', 0.36618521665250636)
('colreduct_disc', 1.0)

Results for (M, N) = (1536, 3072)
('colreduct2_32x8x64', 0.3231441048034934)
('colreduct1_512x32', 0.32387190684133915)
('colreduct1_256x32', 0.3304221251819505)
('colreduct_disc', 1.0)

Results for (M, N) = (1536, 3584)
('colreduct1_256x32', 0.31412639405204457)
('colreduct1_512x32', 0.3215419764560099)
('colreduct2_32x8x64', 0.3265179677819083)
('colreduct_disc', 1.0)

Results for (M, N) = (1536, 4096)
('colreduct2_32x8x64', 0.28945960406634563)
('colreduct1_512x32', 0.30390583199571963)
('colreduct1_256x32', 0.30658105939004815)
('colreduct_disc', 1.0)

Results for (M, N) = (1536, 4608)
('colreduct2_32x8x64', 0.27186627094972066)
('colreduct1_256x32', 0.28818959497206703)
('colreduct1_512x32', 0.2914338919925512)
('colreduct_disc', 1.0)

Results for (M, N) = (1536, 5120)
('colreduct1_256x32', 0.27085902178380605)
('colreduct2_32x8x64', 0.27455815865187017)
('colreduct1_512x32', 0.2790664817098233)
('colreduct_disc', 1.0)

Results for (M, N) = (1536, 5632)
('colreduct1_512x32', 0.26766706775268423)
('colreduct2_32x8x64', 0.26841910403554237)
('colreduct1_256x32', 0.2754535357275083)
('colreduct_disc', 1.0)

Results for (M, N) = (1536, 6144)
('colreduct2_32x8x64', 0.2801358234295416)
('colreduct1_512x32', 0.2811544991511036)
('colreduct1_256x32', 0.28455008488964345)
('colreduct_disc', 1.0)

Results for (M, N) = (1536, 6656)
('colreduct2_32x8x64', 0.28913670410141834)
('colreduct1_256x32', 0.28976663156133425)
('colreduct1_512x32', 0.29606590616049366)
('colreduct_disc', 1.0)

Results for (M, N) = (1536, 7168)
('colreduct2_32x8x64', 0.3056781406295969)
('colreduct1_512x32', 0.30656075316269493)
('colreduct1_256x32', 0.30950279493968813)
('colreduct_disc', 1.0)

Results for (M, N) = (1536, 7680)
('colreduct1_512x32', 0.3043238777196365)
('colreduct2_32x8x64', 0.30625172128890116)
('colreduct1_256x32', 0.3079041586339852)
('colreduct_disc', 1.0)

Results for (M, N) = (1536, 8192)
('colreduct1_512x32', 0.3098111227701994)
('colreduct1_256x32', 0.31558237145855195)
('colreduct2_32x8x64', 0.3224029380902414)
('colreduct_disc', 1.0)

Results for (M, N) = (2048, 512)
('colreduct1_256x32', 0.5854214123006833)
('colreduct1_512x32', 0.6104783599088839)
('colreduct2_32x8x64', 0.6240746013667425)
('colreduct_disc', 1.0)

Results for (M, N) = (2048, 1024)
('colreduct1_256x32', 0.43323863636363635)
('colreduct2_32x8x64', 0.4474431818181818)
('colreduct1_512x32', 0.4545454545454546)
('colreduct_disc', 1.0)

Results for (M, N) = (2048, 1536)
('colreduct1_512x32', 0.36522633744855965)
('colreduct2_32x8x64', 0.3734246399176955)
('colreduct1_256x32', 0.3816872427983539)
('colreduct_disc', 1.0)

Results for (M, N) = (2048, 2048)
('colreduct1_512x32', 0.328525641025641)
('colreduct1_256x32', 0.3357121394230769)
('colreduct2_32x8x64', 0.33573717948717946)
('colreduct_disc', 1.0)

Results for (M, N) = (2048, 2560)
('colreduct2_32x8x64', 0.3106605624591236)
('colreduct1_512x32', 0.32374100719424465)
('colreduct1_256x32', 0.33093525179856115)
('colreduct_disc', 1.0)

Results for (M, N) = (2048, 3072)
('colreduct2_32x8x64', 0.2935190144617033)
('colreduct1_512x32', 0.2983395822174612)
('colreduct1_256x32', 0.29994643813604716)
('colreduct_disc', 1.0)

Results for (M, N) = (2048, 3584)
('colreduct1_512x32', 0.2753687974966473)
('colreduct1_256x32', 0.2798390701832812)
('colreduct2_32x8x64', 0.2874385337505588)
('colreduct_disc', 1.0)

Results for (M, N) = (2048, 4096)
('colreduct2_32x8x64', 0.26773485725308643)
('colreduct1_256x32', 0.2735339506172839)
('colreduct1_512x32', 0.27546296296296297)
('colreduct_disc', 1.0)

Results for (M, N) = (2048, 4608)
('colreduct1_512x32', 0.28201634877384196)
('colreduct2_32x8x64', 0.28576294277929154)
('colreduct1_256x32', 0.2912125340599455)
('colreduct_disc', 1.0)

Results for (M, N) = (2048, 5120)
('colreduct2_32x8x64', 0.2922038060159607)
('colreduct1_256x32', 0.3007884438305709)
('colreduct1_512x32', 0.30324393799877225)
('colreduct_disc', 1.0)

Results for (M, N) = (2048, 5632)
('colreduct2_32x8x64', 0.3024760832864378)
('colreduct1_512x32', 0.30416432189082726)
('colreduct1_256x32', 0.30725942599887457)
('colreduct_disc', 1.0)

Results for (M, N) = (2048, 6144)
('colreduct1_512x32', 0.3135571168358054)
('colreduct1_256x32', 0.3182409575852199)
('colreduct2_32x8x64', 0.32604735883424407)
('colreduct_disc', 1.0)

Results for (M, N) = (2048, 6656)
('colreduct2_32x8x64', 0.3219194598504943)
('colreduct1_512x32', 0.322160598022667)
('colreduct1_256x32', 0.3272244996382927)
('colreduct_disc', 1.0)

Results for (M, N) = (2048, 7168)
('colreduct1_512x32', 0.3412930840279342)
('colreduct2_32x8x64', 0.34196891191709844)
('colreduct1_256x32', 0.3482766388826312)
('colreduct_disc', 1.0)

Results for (M, N) = (2048, 7680)
('colreduct1_512x32', 0.34277487567938825)
('colreduct2_32x8x64', 0.34340886126942405)
('colreduct1_256x32', 0.34848074598971096)
('colreduct_disc', 1.0)

Results for (M, N) = (2048, 8192)
('colreduct2_32x8x64', 0.33875175597029905)
('colreduct1_512x32', 0.3395544852498495)
('colreduct1_256x32', 0.34075857916917524)
('colreduct_disc', 1.0)

Results for (M, N) = (2560, 512)
('colreduct1_256x32', 0.558648111332008)
('colreduct2_32x8x64', 0.5606361829025844)
('colreduct1_512x32', 0.5685884691848906)
('colreduct_disc', 1.0)

Results for (M, N) = (2560, 1024)
('colreduct1_256x32', 0.3921800947867299)
('colreduct2_32x8x64', 0.3945497630331754)
('colreduct1_512x32', 0.39691943127962087)
('colreduct_disc', 1.0)

Results for (M, N) = (2560, 1536)
('colreduct1_512x32', 0.3460884353741497)
('colreduct2_32x8x64', 0.3494897959183674)
('colreduct1_256x32', 0.36139455782312924)
('colreduct_disc', 1.0)

Results for (M, N) = (2560, 2048)
('colreduct2_32x8x64', 0.3080910942418071)
('colreduct1_512x32', 0.3113826657614845)
('colreduct1_256x32', 0.3133781809952889)
('colreduct_disc', 1.0)

Results for (M, N) = (2560, 2560)
('colreduct2_32x8x64', 0.28971025791977595)
('colreduct1_512x32', 0.30549412082928923)
('colreduct1_256x32', 0.317204728794412)
('colreduct_disc', 1.0)

Results for (M, N) = (2560, 3072)
('colreduct1_512x32', 0.2596707818930041)
('colreduct1_256x32', 0.2662551440329218)
('colreduct2_32x8x64', 0.2720164609053498)
('colreduct_disc', 1.0)

Results for (M, N) = (2560, 3584)
('colreduct2_32x8x64', 0.2843102843102843)
('colreduct1_512x32', 0.292032292032292)
('colreduct1_256x32', 0.29484029484029484)
('colreduct_disc', 1.0)

Results for (M, N) = (2560, 4096)
('colreduct2_32x8x64', 0.2900124069478908)
('colreduct1_256x32', 0.30147914081885857)
('colreduct1_512x32', 0.3030397022332506)
('colreduct_disc', 1.0)

Results for (M, N) = (2560, 4608)
('colreduct1_512x32', 0.30317241379310345)
('colreduct2_32x8x64', 0.31062068965517237)
('colreduct1_256x32', 0.3114568965517241)
('colreduct_disc', 1.0)

Results for (M, N) = (2560, 5120)
('colreduct2_32x8x64', 0.3217447011304776)
('colreduct1_512x32', 0.3322525957234041)
('colreduct1_256x32', 0.3382526425987703)
('colreduct_disc', 1.0)

Results for (M, N) = (2560, 5632)
('colreduct2_32x8x64', 0.3346294602012809)
('colreduct1_512x32', 0.338060384263495)
('colreduct1_256x32', 0.3387465690759378)
('colreduct_disc', 1.0)

Results for (M, N) = (2560, 6144)
('colreduct2_32x8x64', 0.33981403212172445)
('colreduct1_512x32', 0.3423499577345731)
('colreduct1_256x32', 0.34636517328825017)
('colreduct_disc', 1.0)

Results for (M, N) = (2560, 6656)
('colreduct1_512x32', 0.3389486180035858)
('colreduct2_32x8x64', 0.3418796619814836)
('colreduct1_256x32', 0.34325645716943143)
('colreduct_disc', 1.0)

Results for (M, N) = (2560, 7168)
('colreduct1_512x32', 0.3300474625775831)
('colreduct1_256x32', 0.33515881708652795)
('colreduct2_32x8x64', 0.34318524096385544)
('colreduct_disc', 1.0)

Results for (M, N) = (2560, 7680)
('colreduct1_512x32', 0.3265498126379824)
('colreduct1_256x32', 0.3274051028753789)
('colreduct2_32x8x64', 0.3412608047212021)
('colreduct_disc', 1.0)

Results for (M, N) = (2560, 8192)
('colreduct1_512x32', 0.3217942467089225)
('colreduct1_256x32', 0.32504469364537625)
('colreduct2_32x8x64', 0.33268324394604265)
('colreduct_disc', 1.0)

Results for (M, N) = (3072, 512)
('colreduct2_32x8x64', 0.5105263157894737)
('colreduct1_256x32', 0.5280701754385965)
('colreduct1_512x32', 0.5385964912280702)
('colreduct_disc', 1.0)

Results for (M, N) = (3072, 1024)
('colreduct1_512x32', 0.36363636363636365)
('colreduct2_32x8x64', 0.36363636363636365)
('colreduct1_256x32', 0.36670071501532175)
('colreduct_disc', 1.0)

Results for (M, N) = (3072, 1536)
('colreduct2_32x8x64', 0.32155731795241527)
('colreduct1_512x32', 0.32588320115356884)
('colreduct1_256x32', 0.3287671232876712)
('colreduct_disc', 1.0)

Results for (M, N) = (3072, 2048)
('colreduct2_32x8x64', 0.2900968783638321)
('colreduct1_512x32', 0.3078579117330462)
('colreduct1_256x32', 0.3159311087190527)
('colreduct_disc', 1.0)

Results for (M, N) = (3072, 2560)
('colreduct1_512x32', 0.28332727461570417)
('colreduct1_256x32', 0.28500207727461574)
('colreduct2_32x8x64', 0.28583298712089733)
('colreduct_disc', 1.0)

Results for (M, N) = (3072, 3072)
('colreduct1_512x32', 0.280535409556314)
('colreduct2_32x8x64', 0.28703071672354946)
('colreduct1_256x32', 0.2935046928327645)
('colreduct_disc', 1.0)

Results for (M, N) = (3072, 3584)
('colreduct1_512x32', 0.29890823251696663)
('colreduct1_256x32', 0.30539060194747714)
('colreduct2_32x8x64', 0.3101117586308646)
('colreduct_disc', 1.0)

Results for (M, N) = (3072, 4096)
('colreduct1_512x32', 0.31690694626474447)
('colreduct2_32x8x64', 0.31847968545216254)
('colreduct1_256x32', 0.32398427260812585)
('colreduct_disc', 1.0)

Results for (M, N) = (3072, 4608)
('colreduct2_32x8x64', 0.3253248077371242)
('colreduct1_512x32', 0.3276625495222558)
('colreduct1_256x32', 0.33512001864367275)
('colreduct_disc', 1.0)

Results for (M, N) = (3072, 5120)
('colreduct2_32x8x64', 0.34926234977768084)
('colreduct1_512x32', 0.3530678717486241)
('colreduct1_256x32', 0.3572896226851393)
('colreduct_disc', 1.0)

Results for (M, N) = (3072, 5632)
('colreduct1_256x32', 0.33706550902897114)
('colreduct1_512x32', 0.33918784480419645)
('colreduct2_32x8x64', 0.33976666365198516)
('colreduct_disc', 1.0)

Results for (M, N) = (3072, 6144)
('colreduct1_256x32', 0.32769668921324313)
('colreduct1_512x32', 0.3284142488430046)
('colreduct2_32x8x64', 0.3394446422214311)
('colreduct_disc', 1.0)

Results for (M, N) = (3072, 6656)
('colreduct1_512x32', 0.3230330584880943)
('colreduct1_256x32', 0.324512599213994)
('colreduct2_32x8x64', 0.33322545015540317)
('colreduct_disc', 1.0)

Results for (M, N) = (3072, 7168)
('colreduct1_512x32', 0.31671283471837486)
('colreduct1_256x32', 0.3182517697753155)
('colreduct2_32x8x64', 0.32825484764542934)
('colreduct_disc', 1.0)

Results for (M, N) = (3072, 7680)
('colreduct1_512x32', 0.3101179581502651)
('colreduct1_256x32', 0.3106935831305904)
('colreduct2_32x8x64', 0.32551142930380855)
('colreduct_disc', 1.0)

Results for (M, N) = (3072, 8192)
('colreduct1_512x32', 0.30796688399578154)
('colreduct1_256x32', 0.30797115372298867)
('colreduct2_32x8x64', 0.3171211791278655)
('colreduct_disc', 1.0)

Results for (M, N) = (3584, 512)
('colreduct1_256x32', 0.48205928237129486)
('colreduct2_32x8x64', 0.48678822152886114)
('colreduct1_512x32', 0.5070202808112324)
('colreduct_disc', 1.0)

Results for (M, N) = (3584, 1024)
('colreduct1_256x32', 0.35262206148282094)
('colreduct1_512x32', 0.35262206148282094)
('colreduct2_32x8x64', 0.3607312386980108)
('colreduct_disc', 1.0)

Results for (M, N) = (3584, 1536)
('colreduct1_512x32', 0.31164807930607186)
('colreduct1_256x32', 0.3128872366790582)
('colreduct2_32x8x64', 0.32777648698884754)
('colreduct_disc', 1.0)

Results for (M, N) = (3584, 2048)
('colreduct1_512x32', 0.28808988764044946)
('colreduct2_32x8x64', 0.289438202247191)
('colreduct1_256x32', 0.29707865168539327)
('colreduct_disc', 1.0)

Results for (M, N) = (3584, 2560)
('colreduct1_512x32', 0.29162640548137736)
('colreduct1_256x32', 0.291988756148981)
('colreduct2_32x8x64', 0.2937456078706957)
('colreduct_disc', 1.0)

Results for (M, N) = (3584, 3072)
('colreduct1_256x32', 0.29893867924528306)
('colreduct1_512x32', 0.30424528301886794)
('colreduct2_32x8x64', 0.30601415094339623)
('colreduct_disc', 1.0)

Results for (M, N) = (3584, 3584)
('colreduct1_512x32', 0.320962375223957)
('colreduct2_32x8x64', 0.3258254415152291)
('colreduct1_256x32', 0.32684924494497053)
('colreduct_disc', 1.0)

Results for (M, N) = (3584, 4096)
('colreduct2_32x8x64', 0.3407667536308123)
('colreduct1_512x32', 0.3464537822294574)
('colreduct1_256x32', 0.35100340510837347)
('colreduct_disc', 1.0)

Results for (M, N) = (3584, 4608)
('colreduct1_512x32', 0.3415493179996339)
('colreduct2_32x8x64', 0.34356912472937745)
('colreduct1_256x32', 0.34437704742127484)
('colreduct_disc', 1.0)

Results for (M, N) = (3584, 5120)
('colreduct1_512x32', 0.3391244236998612)
('colreduct2_32x8x64', 0.34113540410994125)
('colreduct1_256x32', 0.3429635681191049)
('colreduct_disc', 1.0)

Results for (M, N) = (3584, 5632)
('colreduct1_512x32', 0.32449115782449117)
('colreduct1_256x32', 0.32632632632632635)
('colreduct2_32x8x64', 0.33400066733400063)
('colreduct_disc', 1.0)

Results for (M, N) = (3584, 6144)
('colreduct1_512x32', 0.31691549946128983)
('colreduct1_256x32', 0.3184546713867939)
('colreduct2_32x8x64', 0.32768970293981836)
('colreduct_disc', 1.0)

Results for (M, N) = (3584, 6656)
('colreduct1_512x32', 0.3074640523456483)
('colreduct1_256x32', 0.31158631657034724)
('colreduct2_32x8x64', 0.3188358157241281)
('colreduct_disc', 1.0)

Results for (M, N) = (3584, 7168)
('colreduct1_512x32', 0.30316813374076945)
('colreduct1_256x32', 0.3048971113221081)
('colreduct2_32x8x64', 0.3137866267523002)
('colreduct_disc', 1.0)

Results for (M, N) = (3584, 7680)
('colreduct1_512x32', 0.2981771085785635)
('colreduct1_256x32', 0.2994140844633502)
('colreduct2_32x8x64', 0.31083381481036265)
('colreduct_disc', 1.0)

Results for (M, N) = (3584, 8192)
('colreduct1_256x32', 0.29508112303261474)
('colreduct1_512x32', 0.29531652879490644)
('colreduct2_32x8x64', 0.3062628967414693)
('colreduct_disc', 1.0)

Results for (M, N) = (4096, 512)
('colreduct1_256x32', 0.43342776203966005)
('colreduct2_32x8x64', 0.44617563739376775)
('colreduct1_512x32', 0.4603399433427762)
('colreduct_disc', 1.0)

Results for (M, N) = (4096, 1024)
('colreduct1_512x32', 0.3301127214170692)
('colreduct1_256x32', 0.33413848631239934)
('colreduct2_32x8x64', 0.3357487922705314)
('colreduct_disc', 1.0)

Results for (M, N) = (4096, 1536)
('colreduct2_32x8x64', 0.29182255478353825)
('colreduct1_512x32', 0.3260288615713522)
('colreduct1_256x32', 0.344735435595938)
('colreduct_disc', 1.0)

Results for (M, N) = (4096, 2048)
('colreduct2_32x8x64', 0.26612276612276614)
('colreduct1_256x32', 0.27622377622377625)
('colreduct1_512x32', 0.2816627816627817)
('colreduct_disc', 1.0)

Results for (M, N) = (4096, 2560)
('colreduct2_32x8x64', 0.2998977938907745)
('colreduct1_256x32', 0.3079296513421783)
('colreduct1_512x32', 0.3116322122801604)
('colreduct_disc', 1.0)

Results for (M, N) = (4096, 3072)
('colreduct1_512x32', 0.3179821871089629)
('colreduct1_256x32', 0.32399342444242707)
('colreduct2_32x8x64', 0.3294975914157895)
('colreduct_disc', 1.0)

Results for (M, N) = (4096, 3584)
('colreduct2_32x8x64', 0.3387497178966373)
('colreduct1_512x32', 0.3434890543895283)
('colreduct1_256x32', 0.34664861205145564)
('colreduct_disc', 1.0)

Results for (M, N) = (4096, 4096)
('colreduct1_512x32', 0.3390781563126252)
('colreduct1_256x32', 0.3440819138276553)
('colreduct2_32x8x64', 0.34609218436873745)
('colreduct_disc', 1.0)

Results for (M, N) = (4096, 4608)
('colreduct1_256x32', 0.33297701763762694)
('colreduct1_512x32', 0.33297701763762694)
('colreduct2_32x8x64', 0.3395688580081952)
('colreduct_disc', 1.0)

Results for (M, N) = (4096, 5120)
('colreduct1_512x32', 0.3296312884022162)
('colreduct1_256x32', 0.33204675949456264)
('colreduct2_32x8x64', 0.3341401677745963)
('colreduct_disc', 1.0)

Results for (M, N) = (4096, 5632)
('colreduct1_256x32', 0.3121047212825415)
('colreduct1_512x32', 0.3143109280776585)
('colreduct2_32x8x64', 0.322547433446095)
('colreduct_disc', 1.0)

Results for (M, N) = (4096, 6144)
('colreduct1_512x32', 0.30128465179175123)
('colreduct1_256x32', 0.30669371196754563)
('colreduct2_32x8x64', 0.31304935767410413)
('colreduct_disc', 1.0)

Results for (M, N) = (4096, 6656)
('colreduct1_512x32', 0.29759936201902215)
('colreduct1_256x32', 0.29860011649407564)
('colreduct2_32x8x64', 0.30885784986337356)
('colreduct_disc', 1.0)

Results for (M, N) = (4096, 7168)
('colreduct1_256x32', 0.2944399114115864)
('colreduct1_512x32', 0.2944399114115864)
('colreduct2_32x8x64', 0.30481043827951976)
('colreduct_disc', 1.0)

Results for (M, N) = (4096, 7680)
('colreduct1_512x32', 0.28820429257117924)
('colreduct1_256x32', 0.28908039707646993)
('colreduct2_32x8x64', 0.3026071779208029)
('colreduct_disc', 1.0)

Results for (M, N) = (4096, 8192)
('colreduct1_512x32', 0.2859801488833747)
('colreduct1_256x32', 0.28722084367245654)
('colreduct2_32x8x64', 0.2969363885442515)
('colreduct_disc', 1.0)

Results for (M, N) = (4608, 512)
('colreduct2_32x8x64', 0.41472868217054265)
('colreduct1_256x32', 0.42118863049095606)
('colreduct1_512x32', 0.43410852713178294)
('colreduct_disc', 1.0)

Results for (M, N) = (4608, 1024)
('colreduct1_512x32', 0.32078204199855176)
('colreduct2_32x8x64', 0.3265749456915279)
('colreduct1_256x32', 0.3280005430847212)
('colreduct_disc', 1.0)

Results for (M, N) = (4608, 1536)
('colreduct2_32x8x64', 0.27421619092185306)
('colreduct1_512x32', 0.3139915769770707)
('colreduct1_256x32', 0.32381843706130087)
('colreduct_disc', 1.0)

Results for (M, N) = (4608, 2048)
('colreduct2_32x8x64', 0.28555970988719026)
('colreduct1_256x32', 0.28591324469965607)
('colreduct1_512x32', 0.2934553206989276)
('colreduct_disc', 1.0)

Results for (M, N) = (4608, 2560)
('colreduct2_32x8x64', 0.3241694806378528)
('colreduct1_512x32', 0.32500282120504514)
('colreduct1_256x32', 0.3269472825284942)
('colreduct_disc', 1.0)

Results for (M, N) = (4608, 3072)
('colreduct2_32x8x64', 0.3284033638068448)
('colreduct1_512x32', 0.3314580403187998)
('colreduct1_256x32', 0.336615096108767)
('colreduct_disc', 1.0)

Results for (M, N) = (4608, 3584)
('colreduct2_32x8x64', 0.3432645850087703)
('colreduct1_512x32', 0.34731729557557983)
('colreduct1_256x32', 0.34934365085898467)
('colreduct_disc', 1.0)

Results for (M, N) = (4608, 4096)
('colreduct1_512x32', 0.33309616515868795)
('colreduct1_256x32', 0.3336339953500098)
('colreduct2_32x8x64', 0.3390122972632287)
('colreduct_disc', 1.0)

Results for (M, N) = (4608, 4608)
('colreduct1_512x32', 0.32235481304693714)
('colreduct1_256x32', 0.32521877486077966)
('colreduct2_32x8x64', 0.32871917263325373)
('colreduct_disc', 1.0)

Results for (M, N) = (4608, 5120)
('colreduct1_512x32', 0.31520786221345043)
('colreduct1_256x32', 0.31822902383210977)
('colreduct2_32x8x64', 0.32700477901012)
('colreduct_disc', 1.0)

Results for (M, N) = (4608, 5632)
('colreduct1_512x32', 0.3000262605042017)
('colreduct1_256x32', 0.3023897058823529)
('colreduct2_32x8x64', 0.3130252100840336)
('colreduct_disc', 1.0)

Results for (M, N) = (4608, 6144)
('colreduct1_512x32', 0.2948284195263412)
('colreduct1_256x32', 0.29772837119381346)
('colreduct2_32x8x64', 0.305582406959884)
('colreduct_disc', 1.0)

Results for (M, N) = (4608, 6656)
('colreduct1_512x32', 0.28882296136965)
('colreduct1_256x32', 0.29016165412223244)
('colreduct2_32x8x64', 0.29718979107328997)
('colreduct_disc', 1.0)

Results for (M, N) = (4608, 7168)
('colreduct1_512x32', 0.2835612832785798)
('colreduct1_256x32', 0.2863688207367836)
('colreduct2_32x8x64', 0.29583126179961855)
('colreduct_disc', 1.0)

Results for (M, N) = (4608, 7680)
('colreduct1_256x32', 0.28150238396419186)
('colreduct1_512x32', 0.28305621776783113)
('colreduct2_32x8x64', 0.29240050598423667)
('colreduct_disc', 1.0)

Results for (M, N) = (4608, 8192)
('colreduct1_512x32', 0.2788043493940102)
('colreduct1_256x32', 0.27954290396194137)
('colreduct2_32x8x64', 0.2894210713080205)
('colreduct_disc', 1.0)

Results for (M, N) = (5120, 512)
('colreduct2_32x8x64', 0.3990068697729988)
('colreduct1_512x32', 0.4217443249701314)
('colreduct1_256x32', 0.4265232974910394)
('colreduct_disc', 1.0)

Results for (M, N) = (5120, 1024)
('colreduct2_32x8x64', 0.3074759255076689)
('colreduct1_512x32', 0.3114387204073671)
('colreduct1_256x32', 0.3160380264049442)
('colreduct_disc', 1.0)

Results for (M, N) = (5120, 1536)
('colreduct2_32x8x64', 0.275231849753599)
('colreduct1_512x32', 0.2884896459845045)
('colreduct1_256x32', 0.2938703710889501)
('colreduct_disc', 1.0)

Results for (M, N) = (5120, 2048)
('colreduct2_32x8x64', 0.2912651538700653)
('colreduct1_512x32', 0.29996891513832763)
('colreduct1_256x32', 0.30524362760335716)
('colreduct_disc', 1.0)

Results for (M, N) = (5120, 2560)
('colreduct2_32x8x64', 0.3418918493323255)
('colreduct1_512x32', 0.34845836482741244)
('colreduct1_256x32', 0.34996220710506426)
('colreduct_disc', 1.0)

Results for (M, N) = (5120, 3072)
('colreduct1_256x32', 0.3464968152866242)
('colreduct1_512x32', 0.34798301486199573)
('colreduct2_32x8x64', 0.34989384288747344)
('colreduct_disc', 1.0)

Results for (M, N) = (5120, 3584)
('colreduct1_256x32', 0.33662612241158146)
('colreduct2_32x8x64', 0.33864760857614074)
('colreduct1_512x32', 0.3393806120579073)
('colreduct_disc', 1.0)

Results for (M, N) = (5120, 4096)
('colreduct1_512x32', 0.32305695278273566)
('colreduct1_256x32', 0.3274379360700957)
('colreduct2_32x8x64', 0.3327924711990914)
('colreduct_disc', 1.0)

Results for (M, N) = (5120, 4608)
('colreduct1_512x32', 0.31225835490041637)
('colreduct1_256x32', 0.31427478339147064)
('colreduct2_32x8x64', 0.3234927422077191)
('colreduct_disc', 1.0)

Results for (M, N) = (5120, 5120)
('colreduct1_256x32', 0.3087486994407595)
('colreduct1_512x32', 0.308752763688386)
('colreduct2_32x8x64', 0.31369488880218493)
('colreduct_disc', 1.0)

Results for (M, N) = (5120, 5632)
('colreduct1_512x32', 0.2949751125859208)
('colreduct1_256x32', 0.295212135577151)
('colreduct2_32x8x64', 0.30267835980090063)
('colreduct_disc', 1.0)

Results for (M, N) = (5120, 6144)
('colreduct1_512x32', 0.2882577826324413)
('colreduct1_256x32', 0.29022392135445113)
('colreduct2_32x8x64', 0.29939582195521575)
('colreduct_disc', 1.0)

Results for (M, N) = (5120, 6656)
('colreduct1_256x32', 0.2836670982456472)
('colreduct1_512x32', 0.28498073645645305)
('colreduct2_32x8x64', 0.2935493118362898)
('colreduct_disc', 1.0)

Results for (M, N) = (5120, 7168)
('colreduct1_512x32', 0.27870625793344844)
('colreduct1_256x32', 0.2808638627575714)
('colreduct2_32x8x64', 0.2884594525664064)
('colreduct_disc', 1.0)

Results for (M, N) = (5120, 7680)
('colreduct1_512x32', 0.2756500351370344)
('colreduct1_256x32', 0.2760892480674631)
('colreduct2_32x8x64', 0.28821152494729446)
('colreduct_disc', 1.0)

Results for (M, N) = (5120, 8192)
('colreduct1_512x32', 0.27334070077358125)
('colreduct1_256x32', 0.27591757134499123)
('colreduct2_32x8x64', 0.28731976857570046)
('colreduct_disc', 1.0)

Results for (M, N) = (5632, 512)
('colreduct2_32x8x64', 0.3784378437843784)
('colreduct1_512x32', 0.40590621562156215)
('colreduct1_256x32', 0.40920654565456543)
('colreduct_disc', 1.0)

Results for (M, N) = (5632, 1024)
('colreduct1_256x32', 0.2965801886792453)
('colreduct1_512x32', 0.30129716981132076)
('colreduct2_32x8x64', 0.3136792452830189)
('colreduct_disc', 1.0)

Results for (M, N) = (5632, 1536)
('colreduct2_32x8x64', 0.2706233669279582)
('colreduct1_512x32', 0.284434490481523)
('colreduct1_256x32', 0.2945128779395297)
('colreduct_disc', 1.0)

Results for (M, N) = (5632, 2048)
('colreduct1_512x32', 0.30654296875000003)
('colreduct2_32x8x64', 0.30909090909090914)
('colreduct1_256x32', 0.31392045454545453)
('colreduct_disc', 1.0)

Results for (M, N) = (5632, 2560)
('colreduct2_32x8x64', 0.3547717842323651)
('colreduct1_256x32', 0.36007376671277086)
('colreduct1_512x32', 0.36376210235131395)
('colreduct_disc', 1.0)

Results for (M, N) = (5632, 3072)
('colreduct1_512x32', 0.3345616757176106)
('colreduct1_256x32', 0.3370830100853375)
('colreduct2_32x8x64', 0.34231962761830875)
('colreduct_disc', 1.0)

Results for (M, N) = (5632, 3584)
('colreduct1_512x32', 0.32926012721794445)
('colreduct1_256x32', 0.33110143957147636)
('colreduct2_32x8x64', 0.3342818881821225)
('colreduct_disc', 1.0)

Results for (M, N) = (5632, 4096)
('colreduct1_512x32', 0.31456168958651876)
('colreduct1_256x32', 0.3155964319864744)
('colreduct2_32x8x64', 0.3226918084433132)
('colreduct_disc', 1.0)

Results for (M, N) = (5632, 4608)
('colreduct1_512x32', 0.3058743343283337)
('colreduct1_256x32', 0.3069254488792902)
('colreduct2_32x8x64', 0.3149401973303333)
('colreduct_disc', 1.0)

Results for (M, N) = (5632, 5120)
('colreduct1_512x32', 0.29831433998100665)
('colreduct1_256x32', 0.30104463437796775)
('colreduct2_32x8x64', 0.3059116809116809)
('colreduct_disc', 1.0)

Results for (M, N) = (5632, 5632)
('colreduct1_512x32', 0.2887265185065077)
('colreduct1_256x32', 0.28915890565515096)
('colreduct2_32x8x64', 0.2970499711178897)
('colreduct_disc', 1.0)

Results for (M, N) = (5632, 6144)
('colreduct1_512x32', 0.28315500284685774)
('colreduct1_256x32', 0.28534537206719207)
('colreduct2_32x8x64', 0.2933072397303108)
('colreduct_disc', 1.0)

Results for (M, N) = (5632, 6656)
('colreduct1_256x32', 0.2782217323413245)
('colreduct1_512x32', 0.2785891430146046)
('colreduct2_32x8x64', 0.2868558831634059)
('colreduct_disc', 1.0)

Results for (M, N) = (5632, 7168)
('colreduct1_512x32', 0.27331923166404154)
('colreduct1_256x32', 0.27434610416872796)
('colreduct2_32x8x64', 0.28529941088538335)
('colreduct_disc', 1.0)

Results for (M, N) = (5632, 7680)
('colreduct1_256x32', 0.27072554747083366)
('colreduct1_512x32', 0.2716041039349818)
('colreduct2_32x8x64', 0.2831404764228985)
('colreduct_disc', 1.0)

Results for (M, N) = (5632, 8192)
('colreduct1_512x32', 0.26932119833143725)
('colreduct1_256x32', 0.2706863860447478)
('colreduct2_32x8x64', 0.2813021425862723)
('colreduct_disc', 1.0)

Results for (M, N) = (6144, 512)
('colreduct2_32x8x64', 0.3664278403275333)
('colreduct1_512x32', 0.39406345957011263)
('colreduct1_256x32', 0.39713408393039923)
('colreduct_disc', 1.0)

Results for (M, N) = (6144, 1024)
('colreduct2_32x8x64', 0.2936124530327429)
('colreduct1_512x32', 0.3193773483628556)
('colreduct1_256x32', 0.32045088566827695)
('colreduct_disc', 1.0)

Results for (M, N) = (6144, 1536)
('colreduct1_256x32', 0.2915811088295688)
('colreduct1_512x32', 0.2915811088295688)
('colreduct2_32x8x64', 0.29431895961670085)
('colreduct_disc', 1.0)

Results for (M, N) = (6144, 2048)
('colreduct1_512x32', 0.3175268535499083)
('colreduct2_32x8x64', 0.32302855645795125)
('colreduct1_256x32', 0.32984018862981396)
('colreduct_disc', 1.0)

Results for (M, N) = (6144, 2560)
('colreduct2_32x8x64', 0.36591828196904197)
('colreduct1_512x32', 0.36783074685738193)
('colreduct1_256x32', 0.3705931961405396)
('colreduct_disc', 1.0)

Results for (M, N) = (6144, 3072)
('colreduct1_512x32', 0.3319030383046808)
('colreduct1_256x32', 0.3320820582821914)
('colreduct2_32x8x64', 0.3437183568203814)
('colreduct_disc', 1.0)

Results for (M, N) = (6144, 3584)
('colreduct1_512x32', 0.3208012326656394)
('colreduct1_256x32', 0.3238828967642527)
('colreduct2_32x8x64', 0.32557781201848995)
('colreduct_disc', 1.0)

Results for (M, N) = (6144, 4096)
('colreduct1_512x32', 0.30699259977131976)
('colreduct1_256x32', 0.3106608348954149)
('colreduct2_32x8x64', 0.31801005683001576)
('colreduct_disc', 1.0)

Results for (M, N) = (6144, 4608)
('colreduct1_256x32', 0.3009203439478409)
('colreduct1_512x32', 0.301283190021733)
('colreduct2_32x8x64', 0.30599640933572714)
('colreduct_disc', 1.0)

Results for (M, N) = (6144, 5120)
('colreduct1_512x32', 0.2925978414913333)
('colreduct1_256x32', 0.2937970129728551)
('colreduct2_32x8x64', 0.29946241687561326)
('colreduct_disc', 1.0)

Results for (M, N) = (6144, 5632)
('colreduct1_512x32', 0.2844219107267124)
('colreduct1_256x32', 0.2850183914902078)
('colreduct2_32x8x64', 0.2915796798886569)
('colreduct_disc', 1.0)

Results for (M, N) = (6144, 6144)
('colreduct1_256x32', 0.27696319973491695)
('colreduct1_512x32', 0.2774230959297759)
('colreduct2_32x8x64', 0.2884806000931218)
('colreduct_disc', 1.0)

Results for (M, N) = (6144, 6656)
('colreduct1_512x32', 0.2739629228266401)
('colreduct1_256x32', 0.2745535420011971)
('colreduct2_32x8x64', 0.28476281630425326)
('colreduct_disc', 1.0)

Results for (M, N) = (6144, 7168)
('colreduct1_512x32', 0.26895642373601336)
('colreduct1_256x32', 0.2706040077296489)
('colreduct2_32x8x64', 0.2815281525697154)
('colreduct_disc', 1.0)

Results for (M, N) = (6144, 7680)
('colreduct1_512x32', 0.26612725266642145)
('colreduct1_256x32', 0.26759838175799927)
('colreduct2_32x8x64', 0.2803213497609415)
('colreduct_disc', 1.0)

Results for (M, N) = (6144, 8192)
('colreduct1_256x32', 0.2651700576485076)
('colreduct1_512x32', 0.265379292307357)
('colreduct2_32x8x64', 0.2788400553600035)
('colreduct_disc', 1.0)

Results for (M, N) = (6656, 512)
('colreduct2_32x8x64', 0.3541160593792173)
('colreduct1_512x32', 0.39058329584645374)
('colreduct1_256x32', 0.39442195231668914)
('colreduct_disc', 1.0)

Results for (M, N) = (6656, 1024)
('colreduct2_32x8x64', 0.2852941176470588)
('colreduct1_512x32', 0.3014705882352941)
('colreduct1_256x32', 0.3093137254901961)
('colreduct_disc', 1.0)

Results for (M, N) = (6656, 1536)
('colreduct2_32x8x64', 0.2972057494213825)
('colreduct1_256x32', 0.3032452245433143)
('colreduct1_512x32', 0.3038809587666756)
('colreduct_disc', 1.0)

Results for (M, N) = (6656, 2048)
('colreduct1_512x32', 0.3257686676427526)
('colreduct2_32x8x64', 0.3260126891166423)
('colreduct1_256x32', 0.3367496339677892)
('colreduct_disc', 1.0)

Results for (M, N) = (6656, 2560)
('colreduct1_256x32', 0.3575027098935751)
('colreduct1_512x32', 0.3590855340953883)
('colreduct2_32x8x64', 0.3638093713046906)
('colreduct_disc', 1.0)

Results for (M, N) = (6656, 3072)
('colreduct1_512x32', 0.32599870717517776)
('colreduct1_256x32', 0.3281499676793795)
('colreduct2_32x8x64', 0.33625856496444734)
('colreduct_disc', 1.0)

Results for (M, N) = (6656, 3584)
('colreduct1_256x32', 0.3157008221375577)
('colreduct1_512x32', 0.3165519238910055)
('colreduct2_32x8x64', 0.3188378673439833)
('colreduct_disc', 1.0)

Results for (M, N) = (6656, 4096)
('colreduct1_512x32', 0.3007207925166982)
('colreduct1_256x32', 0.3060231742487306)
('colreduct2_32x8x64', 0.30993683695570695)
('colreduct_disc', 1.0)

Results for (M, N) = (6656, 4608)
('colreduct1_256x32', 0.2942042517774024)
('colreduct1_512x32', 0.2943161590622169)
('colreduct2_32x8x64', 0.30226157628404865)
('colreduct_disc', 1.0)

Results for (M, N) = (6656, 5120)
('colreduct1_512x32', 0.2868819374369324)
('colreduct1_256x32', 0.2890010090817356)
('colreduct2_32x8x64', 0.2954591321897074)
('colreduct_disc', 1.0)

Results for (M, N) = (6656, 5632)
('colreduct1_256x32', 0.2785551503447166)
('colreduct1_512x32', 0.2796558294321014)
('colreduct2_32x8x64', 0.2874755364732863)
('colreduct_disc', 1.0)

Results for (M, N) = (6656, 6144)
('colreduct1_512x32', 0.2741280054182188)
('colreduct1_256x32', 0.27599051811716896)
('colreduct2_32x8x64', 0.2842845199796817)
('colreduct_disc', 1.0)

Results for (M, N) = (6656, 6656)
('colreduct1_512x32', 0.26973030388123115)
('colreduct1_256x32', 0.269808441280965)
('colreduct2_32x8x64', 0.2830136618359847)
('colreduct_disc', 1.0)

Results for (M, N) = (6656, 7168)
('colreduct1_512x32', 0.2654008314280719)
('colreduct1_256x32', 0.26642025033658984)
('colreduct2_32x8x64', 0.2772456163851723)
('colreduct_disc', 1.0)

Results for (M, N) = (6656, 7680)
('colreduct1_512x32', 0.2626461789502312)
('colreduct1_256x32', 0.263598041881969)
('colreduct2_32x8x64', 0.27461033111231986)
('colreduct_disc', 1.0)

Results for (M, N) = (6656, 8192)
('colreduct1_512x32', 0.2616659046828771)
('colreduct1_256x32', 0.26340604739874846)
('colreduct2_32x8x64', 0.273393741528385)
('colreduct_disc', 1.0)

Results for (M, N) = (7168, 512)
('colreduct2_32x8x64', 0.3579700752345798)
('colreduct1_512x32', 0.3778072078672265)
('colreduct1_256x32', 0.3850207106427344)
('colreduct_disc', 1.0)

Results for (M, N) = (7168, 1024)
('colreduct1_256x32', 0.28917826672653796)
('colreduct1_512x32', 0.29097440502918726)
('colreduct2_32x8x64', 0.29411764705882354)
('colreduct_disc', 1.0)

Results for (M, N) = (7168, 1536)
('colreduct1_512x32', 0.30579582774411396)
('colreduct2_32x8x64', 0.31024561728109534)
('colreduct1_256x32', 0.31082843794810117)
('colreduct_disc', 1.0)

Results for (M, N) = (7168, 2048)
('colreduct2_32x8x64', 0.34257785860422824)
('colreduct1_512x32', 0.3439418049556717)
('colreduct1_256x32', 0.3498451352580132)
('colreduct_disc', 1.0)

Results for (M, N) = (7168, 2560)
('colreduct1_256x32', 0.34938430435581697)
('colreduct1_512x32', 0.35140599154567176)
('colreduct2_32x8x64', 0.3598603197941555)
('colreduct_disc', 1.0)

Results for (M, N) = (7168, 3072)
('colreduct1_512x32', 0.3208275436158715)
('colreduct1_256x32', 0.32252586073799594)
('colreduct2_32x8x64', 0.327775204570017)
('colreduct_disc', 1.0)

Results for (M, N) = (7168, 3584)
('colreduct1_256x32', 0.3071305271544284)
('colreduct1_512x32', 0.3083255875713717)
('colreduct2_32x8x64', 0.3133713982206878)
('colreduct_disc', 1.0)

Results for (M, N) = (7168, 4096)
('colreduct1_512x32', 0.29563072586328404)
('colreduct1_256x32', 0.297979797979798)
('colreduct2_32x8x64', 0.3069062720225511)
('colreduct_disc', 1.0)

Results for (M, N) = (7168, 4608)
('colreduct1_256x32', 0.28955131645281423)
('colreduct1_512x32', 0.29059211917191136)
('colreduct2_32x8x64', 0.2956920524954872)
('colreduct_disc', 1.0)

Results for (M, N) = (7168, 5120)
('colreduct1_256x32', 0.28418381731040315)
('colreduct1_512x32', 0.28418381731040315)
('colreduct2_32x8x64', 0.2900103373743069)
('colreduct_disc', 1.0)

Results for (M, N) = (7168, 5632)
('colreduct1_512x32', 0.2748013460094135)
('colreduct1_256x32', 0.2760869507113591)
('colreduct2_32x8x64', 0.28318851348281276)
('colreduct_disc', 1.0)

Results for (M, N) = (7168, 6144)
('colreduct1_256x32', 0.2700030239630634)
('colreduct1_512x32', 0.27094709048041676)
('colreduct2_32x8x64', 0.2799157223952738)
('colreduct_disc', 1.0)

Results for (M, N) = (7168, 6656)
('colreduct1_512x32', 0.2660376544625283)
('colreduct1_256x32', 0.267490618167949)
('colreduct2_32x8x64', 0.2761357522152021)
('colreduct_disc', 1.0)

Results for (M, N) = (7168, 7168)
('colreduct1_512x32', 0.26196436833332276)
('colreduct1_256x32', 0.26291082787745884)
('colreduct2_32x8x64', 0.27264584033142986)
('colreduct_disc', 1.0)

Results for (M, N) = (7168, 7680)
('colreduct1_512x32', 0.2601219717112611)
('colreduct1_256x32', 0.2602484901799923)
('colreduct2_32x8x64', 0.2722677447094523)
('colreduct_disc', 1.0)

Results for (M, N) = (7168, 8192)
('colreduct1_512x32', 0.2586366570314035)
('colreduct1_256x32', 0.25953470097942916)
('colreduct2_32x8x64', 0.270730315531483)
('colreduct_disc', 1.0)

Results for (M, N) = (7680, 512)
('colreduct2_32x8x64', 0.3483432455395072)
('colreduct1_512x32', 0.37043330501274424)
('colreduct1_256x32', 0.37383177570093457)
('colreduct_disc', 1.0)

Results for (M, N) = (7680, 1024)
('colreduct1_256x32', 0.2774301209845641)
('colreduct2_32x8x64', 0.27909887359199004)
('colreduct1_512x32', 0.2795160617438465)
('colreduct_disc', 1.0)

Results for (M, N) = (7680, 1536)
('colreduct2_32x8x64', 0.313100675095978)
('colreduct1_512x32', 0.31726044492204764)
('colreduct1_256x32', 0.32418472844502605)
('colreduct_disc', 1.0)

Results for (M, N) = (7680, 2048)
('colreduct2_32x8x64', 0.34599786552828177)
('colreduct1_256x32', 0.3487726787620064)
('colreduct1_512x32', 0.35090715048025617)
('colreduct_disc', 1.0)

Results for (M, N) = (7680, 2560)
('colreduct1_512x32', 0.34451509564787397)
('colreduct1_256x32', 0.3460630915843846)
('colreduct2_32x8x64', 0.35672706359145806)
('colreduct_disc', 1.0)

Results for (M, N) = (7680, 3072)
('colreduct1_512x32', 0.3111817393816816)
('colreduct1_256x32', 0.3116151401329096)
('colreduct2_32x8x64', 0.32360589425021674)
('colreduct_disc', 1.0)

Results for (M, N) = (7680, 3584)
('colreduct1_256x32', 0.3034837666502124)
('colreduct1_512x32', 0.3045992871551895)
('colreduct2_32x8x64', 0.3080857745871214)
('colreduct_disc', 1.0)

Results for (M, N) = (7680, 4096)
('colreduct1_512x32', 0.2896271037289627)
('colreduct1_256x32', 0.2923770762292377)
('colreduct2_32x8x64', 0.2998570014299857)
('colreduct_disc', 1.0)

Results for (M, N) = (7680, 4608)
('colreduct1_512x32', 0.2840585535792048)
('colreduct1_256x32', 0.28503302546112314)
('colreduct2_32x8x64', 0.2954598745976497)
('colreduct_disc', 1.0)

Results for (M, N) = (7680, 5120)
('colreduct1_256x32', 0.278813133600705)
('colreduct1_512x32', 0.2792523477368119)
('colreduct2_32x8x64', 0.2854891884695309)
('colreduct_disc', 1.0)

Results for (M, N) = (7680, 5632)
('colreduct1_512x32', 0.27150441593484154)
('colreduct1_256x32', 0.2723039062597594)
('colreduct2_32x8x64', 0.2803812569486952)
('colreduct_disc', 1.0)

Results for (M, N) = (7680, 6144)
('colreduct1_512x32', 0.2675357592178167)
('colreduct1_256x32', 0.26834535848917734)
('colreduct2_32x8x64', 0.27783974994422506)
('colreduct_disc', 1.0)

Results for (M, N) = (7680, 6656)
('colreduct1_512x32', 0.26278667473229544)
('colreduct1_256x32', 0.26312628015324696)
('colreduct2_32x8x64', 0.2739257325395057)
('colreduct_disc', 1.0)

Results for (M, N) = (7680, 7168)
('colreduct1_512x32', 0.2597738899766311)
('colreduct1_256x32', 0.26059495989389253)
('colreduct2_32x8x64', 0.2709530726962673)
('colreduct_disc', 1.0)

Results for (M, N) = (7680, 7680)
('colreduct1_256x32', 0.25806689898301577)
('colreduct1_512x32', 0.2594242321833859)
('colreduct2_32x8x64', 0.26970857040496543)
('colreduct_disc', 1.0)

Results for (M, N) = (7680, 8192)
('colreduct1_256x32', 0.25690307423791775)
('colreduct1_512x32', 0.25740899916146004)
('colreduct2_32x8x64', 0.26827675668862505)
('colreduct_disc', 1.0)

Results for (M, N) = (8192, 512)
('colreduct2_32x8x64', 0.3373578654082683)
('colreduct1_512x32', 0.35824192374306585)
('colreduct1_256x32', 0.3646928888777329)
('colreduct_disc', 1.0)

Results for (M, N) = (8192, 1024)
('colreduct2_32x8x64', 0.2701896131309823)
('colreduct1_512x32', 0.2764008686052577)
('colreduct1_256x32', 0.2845531414152443)
('colreduct_disc', 1.0)

Results for (M, N) = (8192, 1536)
('colreduct1_512x32', 0.3222513089005236)
('colreduct2_32x8x64', 0.33481675392670157)
('colreduct1_256x32', 0.33821989528795815)
('colreduct_disc', 1.0)

Results for (M, N) = (8192, 2048)
('colreduct2_32x8x64', 0.3407720144752714)
('colreduct1_512x32', 0.3435866505830318)
('colreduct1_256x32', 0.3462002412545235)
('colreduct_disc', 1.0)

Results for (M, N) = (8192, 2560)
('colreduct1_512x32', 0.33560040251012596)
('colreduct1_256x32', 0.338998477945378)
('colreduct2_32x8x64', 0.34919270425113397)
('colreduct_disc', 1.0)

Results for (M, N) = (8192, 3072)
('colreduct1_256x32', 0.30596030422960596)
('colreduct1_512x32', 0.307046232549853)
('colreduct2_32x8x64', 0.31464773079158237)
('colreduct_disc', 1.0)

Results for (M, N) = (8192, 3584)
('colreduct1_256x32', 0.2994158878504673)
('colreduct1_512x32', 0.3002299941588785)
('colreduct2_32x8x64', 0.30350467289719624)
('colreduct_disc', 1.0)

Results for (M, N) = (8192, 4096)
('colreduct1_512x32', 0.28590576348077124)
('colreduct1_256x32', 0.2878647283225075)
('colreduct2_32x8x64', 0.2960066759459738)
('colreduct_disc', 1.0)

Results for (M, N) = (8192, 4608)
('colreduct1_512x32', 0.2809305251719355)
('colreduct1_256x32', 0.28175410000142986)
('colreduct2_32x8x64', 0.2877936487510545)
('colreduct_disc', 1.0)

Results for (M, N) = (8192, 5120)
('colreduct1_512x32', 0.2748337802782651)
('colreduct1_256x32', 0.2778013915830094)
('colreduct2_32x8x64', 0.28192307395070987)
('colreduct_disc', 1.0)

Results for (M, N) = (8192, 5632)
('colreduct1_256x32', 0.2685531921878334)
('colreduct1_512x32', 0.2693035503666203)
('colreduct2_32x8x64', 0.2762818814293385)
('colreduct_disc', 1.0)

Results for (M, N) = (8192, 6144)
('colreduct1_512x32', 0.2633743169104179)
('colreduct1_256x32', 0.2635835855703865)
('colreduct2_32x8x64', 0.2728345547863194)
('colreduct_disc', 1.0)

Results for (M, N) = (8192, 6656)
('colreduct1_512x32', 0.260510072671323)
('colreduct1_256x32', 0.2615928773743578)
('colreduct2_32x8x64', 0.2701259357602225)
('colreduct_disc', 1.0)

Results for (M, N) = (8192, 7168)
('colreduct1_512x32', 0.2569840478471915)
('colreduct1_256x32', 0.25805160216550427)
('colreduct2_32x8x64', 0.26884576249511166)
('colreduct_disc', 1.0)

Results for (M, N) = (8192, 7680)
('colreduct1_256x32', 0.2548947903866785)
('colreduct1_512x32', 0.25506117079815804)
('colreduct2_32x8x64', 0.2678170023449239)
('colreduct_disc', 1.0)

Results for (M, N) = (8192, 8192)
('colreduct1_512x32', 0.2552385736305839)
('colreduct1_256x32', 0.2553961617445004)
('colreduct2_32x8x64', 0.2668492062319533)
('colreduct_disc', 1.0)

Results for (M, N) = (8192, 8192)
('colreduct1_512x32', 0.2549759267740564)
('colreduct1_256x32', 0.2559230970004087)
('colreduct2_32x8x64', 0.2671118530884808)
('colreduct_disc', 1.0)

Results for (M, N) = (8192, 10240)
('colreduct1_512x32', 0.2523367776003129)
('colreduct1_256x32', 0.2523771961276443)
('colreduct2_32x8x64', 0.2592613840086052)
('colreduct_disc', 1.0)

Results for (M, N) = (8192, 12288)
('colreduct1_256x32', 0.25440517968388693)
('colreduct1_512x32', 0.25450964389673275)
('colreduct2_32x8x64', 0.2585141053891564)
('colreduct_disc', 1.0)

Results for (M, N) = (8192, 14336)
('colreduct1_512x32', 0.25540205521169573)
('colreduct1_256x32', 0.2573689788574334)
('colreduct2_32x8x64', 0.2601703549589386)
('colreduct_disc', 1.0)

Results for (M, N) = (8192, 16384)
('colreduct1_512x32', 0.2568593957702932)
('colreduct2_32x8x64', 0.258625205283592)
('colreduct1_256x32', 0.25994214997191506)
('colreduct_disc', 1.0)

Results for (M, N) = (8192, 18432)
('colreduct2_32x8x64', 0.2569791985960977)
('colreduct1_256x32', 0.2597219215912442)
('colreduct1_512x32', 0.26030228061484645)
('colreduct_disc', 1.0)

Results for (M, N) = (8192, 20480)
('colreduct1_512x32', 0.2590463719247704)
('colreduct1_256x32', 0.25954855711783675)
('colreduct2_32x8x64', 0.26292177499877234)
('colreduct_disc', 1.0)

Results for (M, N) = (8192, 22528)
('colreduct2_32x8x64', 0.2536856402464148)
('colreduct1_256x32', 0.2561892729742244)
('colreduct1_512x32', 0.25869409141490524)
('colreduct_disc', 1.0)

Results for (M, N) = (8192, 24576)
('colreduct1_256x32', 0.263093822752379)
('colreduct1_512x32', 0.2660244400527377)
('colreduct2_32x8x64', 0.2774609953712106)
('colreduct_disc', 1.0)

Results for (M, N) = (8192, 26624)
('colreduct1_256x32', 0.2576391710686713)
('colreduct1_512x32', 0.2635237916627596)
('colreduct2_32x8x64', 0.26464070265370554)
('colreduct_disc', 1.0)

Results for (M, N) = (8192, 28672)
('colreduct1_512x32', 0.28221387690878885)
('colreduct1_256x32', 0.2828365324188431)
('colreduct2_32x8x64', 0.29120031048632866)
('colreduct_disc', 1.0)

Results for (M, N) = (8192, 30720)
('colreduct1_256x32', 0.28680032850372583)
('colreduct1_512x32', 0.28763615449721097)
('colreduct2_32x8x64', 0.2966373575039744)
('colreduct_disc', 1.0)

Results for (M, N) = (8192, 32768)
('colreduct2_32x8x64', 0.2883814369264419)
('colreduct1_512x32', 0.290633350767914)
('colreduct1_256x32', 0.29165279825020207)
('colreduct_disc', 1.0)

Results for (M, N) = (8192, 34816)
('colreduct1_256x32', 0.2946100989839058)
('colreduct1_512x32', 0.2946246347325354)
('colreduct2_32x8x64', 0.29849114386802633)
('colreduct_disc', 1.0)

Results for (M, N) = (8192, 36864)
('colreduct1_256x32', 0.2664389033561481)
('colreduct1_512x32', 0.2668318238732822)
('colreduct2_32x8x64', 0.26925348942609795)
('colreduct_disc', 1.0)

Results for (M, N) = (8192, 38912)
('colreduct1_256x32', 0.28283686399079316)
('colreduct1_512x32', 0.2831727899937597)
('colreduct2_32x8x64', 0.2908738158511195)
('colreduct_disc', 1.0)

Results for (M, N) = (8192, 40960)
('colreduct1_256x32', 0.29402664158361913)
('colreduct1_512x32', 0.29411208262148364)
('colreduct2_32x8x64', 0.3136044636839353)
('colreduct_disc', 1.0)

Results for (M, N) = (8192, 43008)
('colreduct1_256x32', 0.298939236817821)
('colreduct2_32x8x64', 0.2997404731162198)
('colreduct1_512x32', 0.299846936238168)
('colreduct_disc', 1.0)

Results for (M, N) = (8192, 45056)
('colreduct2_32x8x64', 0.29422592131770614)
('colreduct1_512x32', 0.2960920757231261)
('colreduct1_256x32', 0.2966288046380083)
('colreduct_disc', 1.0)

Results for (M, N) = (8192, 47104)
('colreduct1_512x32', 0.29144136311979)
('colreduct1_256x32', 0.2936098305620364)
('colreduct2_32x8x64', 0.29723837737812453)
('colreduct_disc', 1.0)

Results for (M, N) = (8192, 49152)
('colreduct1_256x32', 0.29657740503232155)
('colreduct2_32x8x64', 0.3002598745562115)
('colreduct1_512x32', 0.30042491520714215)
('colreduct_disc', 1.0)

Results for (M, N) = (8192, 51200)
('colreduct1_256x32', 0.2953460882153314)
('colreduct1_512x32', 0.2978655469346843)
('colreduct2_32x8x64', 0.3019468909589136)
('colreduct_disc', 1.0)

Results for (M, N) = (8192, 53248)
('colreduct1_512x32', 0.2952069554878502)
('colreduct1_256x32', 0.29586326818756037)
('colreduct2_32x8x64', 0.30024819796388497)
('colreduct_disc', 1.0)

Results for (M, N) = (8192, 55296)
('colreduct1_256x32', 0.2938111084722775)
('colreduct1_512x32', 0.2961826250926374)
('colreduct2_32x8x64', 0.30447835504648324)
('colreduct_disc', 1.0)

Results for (M, N) = (8192, 57344)
('colreduct1_256x32', 0.2941466799787381)
('colreduct1_512x32', 0.29455187785266046)
('colreduct2_32x8x64', 0.30301698995786436)
('colreduct_disc', 1.0)

Results for (M, N) = (8192, 59392)
('colreduct1_256x32', 0.29319717789401306)
('colreduct1_512x32', 0.29340818436057)
('colreduct2_32x8x64', 0.3134366544080701)
('colreduct_disc', 1.0)

Results for (M, N) = (8192, 61440)
('colreduct1_256x32', 0.29644149772642986)
('colreduct1_512x32', 0.2965820856371617)
('colreduct2_32x8x64', 0.3074321643948194)
('colreduct_disc', 1.0)

Results for (M, N) = (8192, 63488)
('colreduct1_256x32', 0.29590052221015667)
('colreduct1_512x32', 0.29711795991655976)
('colreduct2_32x8x64', 0.301804697230752)
('colreduct_disc', 1.0)

Results for (M, N) = (8192, 65536)
('colreduct1_256x32', 0.2960855705707746)
('colreduct1_512x32', 0.29662914695393383)
('colreduct2_32x8x64', 0.30791223959293895)
('colreduct_disc', 1.0)

Results for (M, N) = (8192, 67584)
('colreduct1_256x32', 0.29611898886221744)
('colreduct1_512x32', 0.296268665093819)
('colreduct2_32x8x64', 0.30299637783519523)
('colreduct_disc', 1.0)

Results for (M, N) = (8192, 69632)
('colreduct1_256x32', 0.29737901732577315)
('colreduct1_512x32', 0.29774364090775773)
('colreduct2_32x8x64', 0.30669879608129913)
('colreduct_disc', 1.0)

Results for (M, N) = (8192, 71680)
('colreduct1_512x32', 0.29460013565748433)
('colreduct1_256x32', 0.29478914503589754)
('colreduct2_32x8x64', 0.31603879269657253)
('colreduct_disc', 1.0)

Results for (M, N) = (8192, 73728)
('colreduct1_256x32', 0.29202554026876754)
('colreduct1_512x32', 0.29358072138150215)
('colreduct2_32x8x64', 0.30422143425810766)
('colreduct_disc', 1.0)

Results for (M, N) = (8192, 75776)
('colreduct1_256x32', 0.2959225028131451)
('colreduct1_512x32', 0.29728519297956985)
('colreduct2_32x8x64', 0.3056275157057312)
('colreduct_disc', 1.0)

Results for (M, N) = (8192, 77824)
('colreduct1_256x32', 0.2976264060424734)
('colreduct1_512x32', 0.29828247292556903)
('colreduct2_32x8x64', 0.3076298020817538)
('colreduct_disc', 1.0)

Results for (M, N) = (8192, 79872)
('colreduct1_256x32', 0.29573938747769574)
('colreduct1_512x32', 0.29647887963777525)
('colreduct2_32x8x64', 0.31013736303890194)
('colreduct_disc', 1.0)

Results for (M, N) = (8192, 81920)
('colreduct1_256x32', 0.29583967855442467)
('colreduct1_512x32', 0.2973892619295645)
('colreduct2_32x8x64', 0.3686823001550745)
('colreduct_disc', 1.0)

Results for (M, N) = (8192, 83968)
('colreduct1_256x32', 0.29541312232212563)
('colreduct1_512x32', 0.2962129843008293)
('colreduct2_32x8x64', 0.30614811203630654)
('colreduct_disc', 1.0)

Results for (M, N) = (8192, 86016)
('colreduct1_256x32', 0.2979523917819964)
('colreduct1_512x32', 0.2993324042330703)
('colreduct2_32x8x64', 0.3090278763252303)
('colreduct_disc', 1.0)

Results for (M, N) = (8192, 88064)
('colreduct1_512x32', 0.2948410036491318)
('colreduct1_256x32', 0.29521920398141804)
('colreduct2_32x8x64', 0.3047143244450286)
('colreduct_disc', 1.0)

Results for (M, N) = (8192, 90112)
('colreduct1_256x32', 0.29571945148826995)
('colreduct1_512x32', 0.29676442136570946)
('colreduct2_32x8x64', 0.3068114792513513)
('colreduct_disc', 1.0)

Results for (M, N) = (8192, 92160)
('colreduct1_256x32', 0.29438678518521555)
('colreduct1_512x32', 0.2952842073366655)
('colreduct2_32x8x64', 0.3061517707072723)
('colreduct_disc', 1.0)

Results for (M, N) = (8192, 94208)
('colreduct1_512x32', 0.2964418171108826)
('colreduct1_256x32', 0.2968937929160527)
('colreduct2_32x8x64', 0.3075259856662465)
('colreduct_disc', 1.0)

Results for (M, N) = (8192, 96256)
('colreduct1_256x32', 0.29547926522721635)
('colreduct1_512x32', 0.2957984656130709)
('colreduct2_32x8x64', 0.3057460323277512)
('colreduct_disc', 1.0)

Results for (M, N) = (8192, 98304)
('colreduct1_256x32', 0.2941031649240351)
('colreduct1_512x32', 0.2949928141859203)
('colreduct2_32x8x64', 0.3088775136488685)
('colreduct_disc', 1.0)

Results for (M, N) = (8192, 100352)
('colreduct1_256x32', 0.2951166794149091)
('colreduct1_512x32', 0.29630330299943)
('colreduct2_32x8x64', 0.31180985865477867)
('colreduct_disc', 1.0)

Results for (M, N) = (8192, 102400)
('colreduct1_512x32', 0.29573989093972675)
('colreduct1_256x32', 0.2962583438515497)
('colreduct2_32x8x64', 0.3078468465410241)
('colreduct_disc', 1.0)

Results for (M, N) = (8192, 104448)
('colreduct1_512x32', 0.29639353102922444)
('colreduct1_256x32', 0.2979093402176334)
('colreduct2_32x8x64', 0.3060762480564651)
('colreduct_disc', 1.0)

Results for (M, N) = (8192, 106496)
('colreduct1_256x32', 0.29756081435439447)
('colreduct1_512x32', 0.29819932747652406)
('colreduct2_32x8x64', 0.30777702430846854)
('colreduct_disc', 1.0)

Results for (M, N) = (8192, 108544)
('colreduct1_256x32', 0.29654340072956076)
('colreduct1_512x32', 0.2968933519332398)
('colreduct2_32x8x64', 0.3129817752703774)
('colreduct_disc', 1.0)

Results for (M, N) = (8192, 110592)
('colreduct1_256x32', 0.2972660639529858)
('colreduct1_512x32', 0.2974353660847329)
('colreduct2_32x8x64', 0.30422233505850726)
('colreduct_disc', 1.0)

Results for (M, N) = (8192, 112640)
('colreduct1_256x32', 0.2950925548652419)
('colreduct1_512x32', 0.29597191082627516)
('colreduct2_32x8x64', 0.31146553793666326)
('colreduct_disc', 1.0)

Results for (M, N) = (8192, 114688)
('colreduct1_256x32', 0.30102605264084153)
('colreduct1_512x32', 0.3014456665546316)
('colreduct2_32x8x64', 0.3122232566870792)
('colreduct_disc', 1.0)

Results for (M, N) = (8192, 116736)
('colreduct1_256x32', 0.2981902927063476)
('colreduct1_512x32', 0.29866163469455403)
('colreduct2_32x8x64', 0.31156516215150865)
('colreduct_disc', 1.0)

Results for (M, N) = (8192, 118784)
('colreduct1_512x32', 0.29635219859973244)
('colreduct1_256x32', 0.2968551432295966)
('colreduct2_32x8x64', 0.30828339767625845)
('colreduct_disc', 1.0)

Results for (M, N) = (8192, 120832)
('colreduct1_256x32', 0.2980992498320778)
('colreduct1_512x32', 0.299256910735385)
('colreduct2_32x8x64', 0.31580255455953704)
('colreduct_disc', 1.0)

Results for (M, N) = (8192, 122880)
('colreduct1_512x32', 0.29826407465784954)
('colreduct1_256x32', 0.29837947501595125)
('colreduct2_32x8x64', 0.32046202903194815)
('colreduct_disc', 1.0)

Results for (M, N) = (8192, 124928)
('colreduct1_256x32', 0.2985179327682088)
('colreduct1_512x32', 0.2992179109444673)
('colreduct2_32x8x64', 0.3070876077815926)
('colreduct_disc', 1.0)

Results for (M, N) = (8192, 126976)
('colreduct1_256x32', 0.29736717283729397)
('colreduct1_512x32', 0.29783145020333834)
('colreduct2_32x8x64', 0.30495818217554366)
('colreduct_disc', 1.0)

Results for (M, N) = (8192, 129024)
('colreduct1_512x32', 0.29934151988704133)
('colreduct1_256x32', 0.29942773759939717)
('colreduct2_32x8x64', 0.30801087643186714)
('colreduct_disc', 1.0)

Results for (M, N) = (8192, 131072)
('colreduct1_512x32', 0.29943897277479165)
('colreduct1_256x32', 0.29989000694807116)
('colreduct2_32x8x64', 0.30250065492138173)
('colreduct_disc', 1.0)

Results for (M, N) = (8192, 133120)
('colreduct1_512x32', 0.3001887617797811)
('colreduct1_256x32', 0.3005082779410227)
('colreduct2_32x8x64', 0.30323557660304873)
('colreduct_disc', 1.0)

Results for (M, N) = (8192, 135168)
('colreduct1_512x32', 0.30035192159324203)
('colreduct1_256x32', 0.3006845553332549)
('colreduct2_32x8x64', 0.3070358866154441)
('colreduct_disc', 1.0)

Results for (M, N) = (8192, 137216)
('colreduct1_512x32', 0.3005627774254914)
('colreduct1_256x32', 0.30162515048753363)
('colreduct2_32x8x64', 0.30558423625853526)
('colreduct_disc', 1.0)

Results for (M, N) = (8192, 139264)
('colreduct1_256x32', 0.30170380497336413)
('colreduct1_512x32', 0.3026282220921191)
('colreduct2_32x8x64', 0.31124875158374404)
('colreduct_disc', 1.0)

Results for (M, N) = (8192, 141312)
('colreduct1_256x32', 0.29976383882629704)
('colreduct1_512x32', 0.3008589239629241)
('colreduct2_32x8x64', 0.30874211012561376)
('colreduct_disc', 1.0)

Results for (M, N) = (8192, 143360)
('colreduct1_256x32', 0.30037751743696267)
('colreduct1_512x32', 0.30062856348031136)
('colreduct2_32x8x64', 0.3139641990682845)
('colreduct_disc', 1.0)

Results for (M, N) = (8192, 145408)
('colreduct1_256x32', 0.3024849915958557)
('colreduct1_512x32', 0.3025231455786289)
('colreduct2_32x8x64', 0.31202759451676465)
('colreduct_disc', 1.0)

Results for (M, N) = (8192, 147456)
('colreduct1_256x32', 0.30200432581249687)
('colreduct1_512x32', 0.30361773811235665)
('colreduct2_32x8x64', 0.3049071035443799)
('colreduct_disc', 1.0)

Results for (M, N) = (8192, 149504)
('colreduct1_512x32', 0.3047914148877338)
('colreduct1_256x32', 0.3054163210066731)
('colreduct2_32x8x64', 0.31046972145126417)
('colreduct_disc', 1.0)

Results for (M, N) = (8192, 151552)
('colreduct1_256x32', 0.30223684778930915)
('colreduct1_512x32', 0.3027428312295129)
('colreduct2_32x8x64', 0.3096281745138539)
('colreduct_disc', 1.0)

Results for (M, N) = (8192, 153600)
('colreduct1_512x32', 0.3044637705719594)
('colreduct1_256x32', 0.3047191963747547)
('colreduct2_32x8x64', 0.3080135342928584)
('colreduct_disc', 1.0)

Results for (M, N) = (8192, 155648)
('colreduct1_256x32', 0.3041264887189626)
('colreduct1_512x32', 0.30603472892233063)
('colreduct2_32x8x64', 0.3062898067160127)
('colreduct_disc', 1.0)

Results for (M, N) = (8192, 157696)
('colreduct1_256x32', 0.3049076663742711)
('colreduct1_512x32', 0.30551940713717474)
('colreduct2_32x8x64', 0.3096007654724911)
('colreduct_disc', 1.0)

Results for (M, N) = (8192, 159744)
('colreduct2_32x8x64', 0.3033442614457939)
('colreduct1_256x32', 0.30507104908407845)
('colreduct1_512x32', 0.3056330719031076)
('colreduct_disc', 1.0)

Results for (M, N) = (8192, 161792)
('colreduct2_32x8x64', 0.3029449999178832)
('colreduct1_512x32', 0.3070031246170515)
('colreduct1_256x32', 0.30734529413896944)
('colreduct_disc', 1.0)

Results for (M, N) = (8192, 163840)
('colreduct1_256x32', 0.3071587101182841)
('colreduct1_512x32', 0.3075363708388339)
('colreduct2_32x8x64', 0.35318033995223336)
('colreduct_disc', 1.0)

Results for (M, N) = (8192, 165888)
('colreduct2_32x8x64', 0.3070960704375455)
('colreduct1_256x32', 0.30877784874221714)
('colreduct1_512x32', 0.30980494458540014)
('colreduct_disc', 1.0)

Results for (M, N) = (8192, 167936)
('colreduct2_32x8x64', 0.30198483579750923)
('colreduct1_256x32', 0.30967692784966294)
('colreduct1_512x32', 0.3113935667578538)
('colreduct_disc', 1.0)

Results for (M, N) = (8192, 169984)
('colreduct2_32x8x64', 0.3074010190399374)
('colreduct1_512x32', 0.30955223553486244)
('colreduct1_256x32', 0.309631705584737)
('colreduct_disc', 1.0)

Results for (M, N) = (8192, 172032)
('colreduct2_32x8x64', 0.30617838765632993)
('colreduct1_256x32', 0.3077306292876398)
('colreduct1_512x32', 0.30969923498222607)
('colreduct_disc', 1.0)

Results for (M, N) = (8192, 174080)
('colreduct2_32x8x64', 0.30169520990442844)
('colreduct1_256x32', 0.31008582693462167)
('colreduct1_512x32', 0.31098410919545155)
('colreduct_disc', 1.0)

Results for (M, N) = (8192, 176128)
('colreduct1_256x32', 0.30746947477066483)
('colreduct1_512x32', 0.3076996962693366)
('colreduct2_32x8x64', 0.30830541605183187)
('colreduct_disc', 1.0)

Results for (M, N) = (8192, 178176)
('colreduct2_32x8x64', 0.3041530587293893)
('colreduct1_256x32', 0.30655179055774634)
('colreduct1_512x32', 0.3090598505509412)
('colreduct_disc', 1.0)

Results for (M, N) = (8192, 180224)
('colreduct1_256x32', 0.3081933369784093)
('colreduct2_32x8x64', 0.3085794649553044)
('colreduct1_512x32', 0.31036605574743287)
('colreduct_disc', 1.0)

Results for (M, N) = (8192, 182272)
('colreduct2_32x8x64', 0.30412424726961756)
('colreduct1_256x32', 0.30740731623893963)
('colreduct1_512x32', 0.31046987864909525)
('colreduct_disc', 1.0)

Results for (M, N) = (8192, 184320)
('colreduct2_32x8x64', 0.3039412704737324)
('colreduct1_256x32', 0.30908214300581877)
('colreduct1_512x32', 0.311689323456723)
('colreduct_disc', 1.0)

Results for (M, N) = (8192, 186368)
('colreduct2_32x8x64', 0.30416186269485496)
('colreduct1_256x32', 0.3107238478857212)
('colreduct1_512x32', 0.311438773326561)
('colreduct_disc', 1.0)

Results for (M, N) = (8192, 188416)
('colreduct2_32x8x64', 0.3042237054507158)
('colreduct1_256x32', 0.3090973626775331)
('colreduct1_512x32', 0.3116489584080461)
('colreduct_disc', 1.0)

Results for (M, N) = (8192, 190464)
('colreduct2_32x8x64', 0.30551782381169773)
('colreduct1_256x32', 0.31240744669697496)
('colreduct1_512x32', 0.31280098140141943)
('colreduct_disc', 1.0)

Results for (M, N) = (8192, 192512)
('colreduct1_256x32', 0.30851853974839394)
('colreduct2_32x8x64', 0.3087053386293194)
('colreduct1_512x32', 0.311045513498692)
('colreduct_disc', 1.0)

Results for (M, N) = (8192, 194560)
('colreduct2_32x8x64', 0.30637469585590243)
('colreduct1_256x32', 0.310627937513909)
('colreduct1_512x32', 0.31168544453621505)
('colreduct_disc', 1.0)

Results for (M, N) = (8192, 196608)
('colreduct1_256x32', 0.3099022062418595)
('colreduct2_32x8x64', 0.31014459693673674)
('colreduct1_512x32', 0.3127429390450014)
('colreduct_disc', 1.0)

Results for (M, N) = (10240, 8192)
('colreduct1_256x32', 0.2528680625318051)
('colreduct1_512x32', 0.2529115679620738)
('colreduct2_32x8x64', 0.2603364947279329)
('colreduct_disc', 1.0)

Results for (M, N) = (10240, 10240)
('colreduct2_32x8x64', 0.2538402497913874)
('colreduct1_512x32', 0.25397305080527605)
('colreduct1_256x32', 0.2567848769969822)
('colreduct_disc', 1.0)

Results for (M, N) = (10240, 12288)
('colreduct2_32x8x64', 0.25497084596442177)
('colreduct1_512x32', 0.2566733159857659)
('colreduct1_256x32', 0.2598566120584791)
('colreduct_disc', 1.0)

Results for (M, N) = (10240, 14336)
('colreduct2_32x8x64', 0.2647868396163098)
('colreduct1_256x32', 0.2653299430512847)
('colreduct1_512x32', 0.26631817529589114)
('colreduct_disc', 1.0)

Results for (M, N) = (10240, 16384)
('colreduct2_32x8x64', 0.25601217776528506)
('colreduct1_256x32', 0.2599401273070023)
('colreduct1_512x32', 0.2620086846416711)
('colreduct_disc', 1.0)

Results for (M, N) = (10240, 18432)
('colreduct2_32x8x64', 0.25498712876992013)
('colreduct1_256x32', 0.25513554223003154)
('colreduct1_512x32', 0.2590094245457239)
('colreduct_disc', 1.0)

Results for (M, N) = (10240, 20480)
('colreduct1_256x32', 0.25417059814194853)
('colreduct1_512x32', 0.25484194289268813)
('colreduct2_32x8x64', 0.2592560346288014)
('colreduct_disc', 1.0)

Results for (M, N) = (10240, 22528)
('colreduct1_512x32', 0.2719698172825655)
('colreduct1_256x32', 0.272035817484691)
('colreduct2_32x8x64', 0.2733228214261406)
('colreduct_disc', 1.0)

Results for (M, N) = (10240, 24576)
('colreduct1_512x32', 0.2952169825519185)
('colreduct1_256x32', 0.2960911390630444)
('colreduct2_32x8x64', 0.3174007657116232)
('colreduct_disc', 1.0)

Results for (M, N) = (10240, 26624)
('colreduct1_512x32', 0.29006261050597654)
('colreduct1_256x32', 0.29064620832103866)
('colreduct2_32x8x64', 0.2956886243785829)
('colreduct_disc', 1.0)

Results for (M, N) = (10240, 28672)
('colreduct1_256x32', 0.26712298548728086)
('colreduct1_512x32', 0.2674663971309229)
('colreduct2_32x8x64', 0.2745254142502318)
('colreduct_disc', 1.0)

Results for (M, N) = (10240, 30720)
('colreduct1_256x32', 0.29578941029139766)
('colreduct1_512x32', 0.2967793802458096)
('colreduct2_32x8x64', 0.3023892099874769)
('colreduct_disc', 1.0)

Results for (M, N) = (10240, 32768)
('colreduct1_256x32', 0.29431628537153987)
('colreduct2_32x8x64', 0.2946229930296851)
('colreduct1_512x32', 0.2957144889081092)
('colreduct_disc', 1.0)

Results for (M, N) = (10240, 34816)
('colreduct2_32x8x64', 0.29566935996573424)
('colreduct1_256x32', 0.2970431208061629)
('colreduct1_512x32', 0.2978237080916515)
('colreduct_disc', 1.0)

Results for (M, N) = (10240, 36864)
('colreduct1_256x32', 0.29505406511834753)
('colreduct1_512x32', 0.2985463104258467)
('colreduct2_32x8x64', 0.3017087878508159)
('colreduct_disc', 1.0)

Results for (M, N) = (10240, 38912)
('colreduct1_256x32', 0.29730396597053266)
('colreduct1_512x32', 0.29871688233770133)
('colreduct2_32x8x64', 0.3031325706441951)
('colreduct_disc', 1.0)

Results for (M, N) = (10240, 40960)
('colreduct1_256x32', 0.29446184158073324)
('colreduct1_512x32', 0.2974773911280598)
('colreduct2_32x8x64', 0.31431090291034014)
('colreduct_disc', 1.0)

Results for (M, N) = (10240, 43008)
('colreduct1_512x32', 0.2939665299567095)
('colreduct1_256x32', 0.29535428057933866)
('colreduct2_32x8x64', 0.3002353039746193)
('colreduct_disc', 1.0)

Results for (M, N) = (10240, 45056)
('colreduct1_512x32', 0.29232342087069163)
('colreduct1_256x32', 0.29312988129070633)
('colreduct2_32x8x64', 0.2987123795314745)
('colreduct_disc', 1.0)

Results for (M, N) = (10240, 47104)
('colreduct1_256x32', 0.2939565799476591)
('colreduct1_512x32', 0.2947660470529665)
('colreduct2_32x8x64', 0.3036012943938752)
('colreduct_disc', 1.0)

Results for (M, N) = (10240, 49152)
('colreduct1_256x32', 0.2962391943033048)
('colreduct1_512x32', 0.29626396972443536)
('colreduct2_32x8x64', 0.3048527823830239)
('colreduct_disc', 1.0)

Results for (M, N) = (10240, 51200)
('colreduct1_256x32', 0.2957861008456864)
('colreduct1_512x32', 0.2961259473685251)
('colreduct2_32x8x64', 0.3050632930164135)
('colreduct_disc', 1.0)

Results for (M, N) = (10240, 53248)
('colreduct1_256x32', 0.29599807778317017)
('colreduct1_512x32', 0.2971019250716074)
('colreduct2_32x8x64', 0.30489713285182757)
('colreduct_disc', 1.0)

Results for (M, N) = (10240, 55296)
('colreduct1_256x32', 0.2951819975488175)
('colreduct1_512x32', 0.2961783629105685)
('colreduct2_32x8x64', 0.30787369082491994)
('colreduct_disc', 1.0)

Results for (M, N) = (10240, 57344)
('colreduct1_512x32', 0.29220764627600976)
('colreduct1_256x32', 0.2954158477795306)
('colreduct2_32x8x64', 0.3077260348823887)
('colreduct_disc', 1.0)

Results for (M, N) = (10240, 59392)
('colreduct1_256x32', 0.2923571996423063)
('colreduct1_512x32', 0.2934315477855822)
('colreduct2_32x8x64', 0.3162698919633986)
('colreduct_disc', 1.0)

Results for (M, N) = (10240, 61440)
('colreduct1_512x32', 0.2953977640302387)
('colreduct1_256x32', 0.29648294729736213)
('colreduct2_32x8x64', 0.3093291428892886)
('colreduct_disc', 1.0)

Results for (M, N) = (10240, 63488)
('colreduct1_512x32', 0.29517417220770015)
('colreduct1_256x32', 0.29548000104264355)
('colreduct2_32x8x64', 0.3054509761551008)
('colreduct_disc', 1.0)

Results for (M, N) = (10240, 65536)
('colreduct1_256x32', 0.2957879474596796)
('colreduct1_512x32', 0.2959371346807063)
('colreduct2_32x8x64', 0.3044159417423902)
('colreduct_disc', 1.0)

Results for (M, N) = (10240, 67584)
('colreduct1_256x32', 0.2947276954677278)
('colreduct1_512x32', 0.29617110856409506)
('colreduct2_32x8x64', 0.30605467898144567)
('colreduct_disc', 1.0)

Results for (M, N) = (10240, 69632)
('colreduct1_256x32', 0.2955513710635569)
('colreduct1_512x32', 0.29627492258345284)
('colreduct2_32x8x64', 0.31011359777101627)
('colreduct_disc', 1.0)

Results for (M, N) = (10240, 71680)
('colreduct1_512x32', 0.29278350407001025)
('colreduct1_256x32', 0.29304722797072524)
('colreduct2_32x8x64', 0.31762966220545424)
('colreduct_disc', 1.0)

Results for (M, N) = (10240, 73728)
('colreduct1_512x32', 0.2930342121438499)
('colreduct1_256x32', 0.29342743948947664)
('colreduct2_32x8x64', 0.3066765567751195)
('colreduct_disc', 1.0)

Results for (M, N) = (10240, 75776)
('colreduct1_512x32', 0.296195093691823)
('colreduct1_256x32', 0.2969505012660518)
('colreduct2_32x8x64', 0.30671443099502294)
('colreduct_disc', 1.0)

Results for (M, N) = (10240, 77824)
('colreduct1_256x32', 0.29737952180623184)
('colreduct1_512x32', 0.2987574552764649)
('colreduct2_32x8x64', 0.30964444572256533)
('colreduct_disc', 1.0)

Results for (M, N) = (10240, 79872)
('colreduct1_512x32', 0.29508786505586526)
('colreduct1_256x32', 0.2960539918170075)
('colreduct2_32x8x64', 0.3114160712151762)
('colreduct_disc', 1.0)

Results for (M, N) = (10240, 81920)
('colreduct1_256x32', 0.295742025558634)
('colreduct1_512x32', 0.29592568988039036)
('colreduct2_32x8x64', 0.36761305197715805)
('colreduct_disc', 1.0)

Results for (M, N) = (10240, 83968)
('colreduct1_512x32', 0.29382343716978426)
('colreduct1_256x32', 0.2942616064854474)
('colreduct2_32x8x64', 0.3060736765233454)
('colreduct_disc', 1.0)

Results for (M, N) = (10240, 86016)
('colreduct1_512x32', 0.29713400345974433)
('colreduct1_256x32', 0.2977190812627064)
('colreduct2_32x8x64', 0.3101897315306803)
('colreduct_disc', 1.0)

Results for (M, N) = (10240, 88064)
('colreduct1_256x32', 0.29395485562197854)
('colreduct1_512x32', 0.294340112108491)
('colreduct2_32x8x64', 0.3029761350232258)
('colreduct_disc', 1.0)

Results for (M, N) = (10240, 90112)
('colreduct1_512x32', 0.29500292725610516)
('colreduct1_256x32', 0.2950162744761673)
('colreduct2_32x8x64', 0.30546475933487005)
('colreduct_disc', 1.0)

Results for (M, N) = (10240, 92160)
('colreduct1_256x32', 0.249794919599161)
('colreduct1_512x32', 0.25167047308319734)
('colreduct2_32x8x64', 0.25887065951992544)
('colreduct_disc', 1.0)

Results for (M, N) = (10240, 94208)
('colreduct1_256x32', 0.2508721392643679)
('colreduct1_512x32', 0.2516583444712404)
('colreduct2_32x8x64', 0.25865008565979986)
('colreduct_disc', 1.0)

Results for (M, N) = (10240, 96256)
('colreduct1_512x32', 0.25058085961759113)
('colreduct1_256x32', 0.25146930858775646)
('colreduct2_32x8x64', 0.26099724633231824)
('colreduct_disc', 1.0)

Results for (M, N) = (10240, 98304)
('colreduct1_512x32', 0.25085862981357016)
('colreduct1_256x32', 0.2511806057370355)
('colreduct2_32x8x64', 0.26231716543031053)
('colreduct_disc', 1.0)

Results for (M, N) = (10240, 100352)
('colreduct1_256x32', 0.2518274839337459)
('colreduct1_512x32', 0.25215957386391286)
('colreduct2_32x8x64', 0.2648536445987471)
('colreduct_disc', 1.0)

Results for (M, N) = (10240, 102400)
('colreduct1_256x32', 0.25131995432548165)
('colreduct1_512x32', 0.2515986238866731)
('colreduct2_32x8x64', 0.25921968534375495)
('colreduct_disc', 1.0)

Results for (M, N) = (10240, 104448)
('colreduct1_512x32', 0.296565688520603)
('colreduct1_256x32', 0.2971488294781642)
('colreduct2_32x8x64', 0.30359448086240715)
('colreduct_disc', 1.0)

Results for (M, N) = (10240, 106496)
('colreduct1_512x32', 0.296126993977686)
('colreduct1_256x32', 0.29666465164204253)
('colreduct2_32x8x64', 0.3068917059513055)
('colreduct_disc', 1.0)

Results for (M, N) = (10240, 108544)
('colreduct1_256x32', 0.2964322482152955)
('colreduct1_512x32', 0.29705587658879945)
('colreduct2_32x8x64', 0.3110445705238035)
('colreduct_disc', 1.0)

Results for (M, N) = (10240, 110592)
('colreduct1_512x32', 0.2966967621137983)
('colreduct1_256x32', 0.29681759286587756)
('colreduct2_32x8x64', 0.30296014726920784)
('colreduct_disc', 1.0)

Results for (M, N) = (10240, 112640)
('colreduct1_512x32', 0.2953183766437021)
('colreduct1_256x32', 0.29536470326626135)
('colreduct2_32x8x64', 0.31308625503620624)
('colreduct_disc', 1.0)

Results for (M, N) = (10240, 114688)
('colreduct1_512x32', 0.30062368694144287)
('colreduct1_256x32', 0.30099823920683255)
('colreduct2_32x8x64', 0.31184965436732137)
('colreduct_disc', 1.0)

Results for (M, N) = (10240, 116736)
('colreduct1_256x32', 0.2980977049799425)
('colreduct1_512x32', 0.29865487835462545)
('colreduct2_32x8x64', 0.3100958582616688)
('colreduct_disc', 1.0)

Results for (M, N) = (10240, 118784)
('colreduct1_256x32', 0.295635951147962)
('colreduct1_512x32', 0.29660026967082903)
('colreduct2_32x8x64', 0.3054482093281745)
('colreduct_disc', 1.0)

Results for (M, N) = (10240, 120832)
('colreduct1_256x32', 0.2967041154822993)
('colreduct1_512x32', 0.29787786561397)
('colreduct2_32x8x64', 0.31759419261206223)
('colreduct_disc', 1.0)

Results for (M, N) = (10240, 122880)
('colreduct1_512x32', 0.2991602492195526)
('colreduct1_256x32', 0.299173442638057)
('colreduct2_32x8x64', 0.321717696507465)
('colreduct_disc', 1.0)

Results for (M, N) = (10240, 124928)
('colreduct1_256x32', 0.29839773920365226)
('colreduct1_512x32', 0.29939494700158253)
('colreduct2_32x8x64', 0.30541370717563654)
('colreduct_disc', 1.0)

Results for (M, N) = (10240, 126976)
('colreduct1_256x32', 0.2974659070556407)
('colreduct1_512x32', 0.29823739217193157)
('colreduct2_32x8x64', 0.3045117739543648)
('colreduct_disc', 1.0)

Results for (M, N) = (10240, 129024)
('colreduct1_512x32', 0.299028887694309)
('colreduct1_256x32', 0.3004449521027227)
('colreduct2_32x8x64', 0.30659849908750036)
('colreduct_disc', 1.0)

Results for (M, N) = (10240, 131072)
('colreduct1_256x32', 0.29887118659398715)
('colreduct1_512x32', 0.2998648131699494)
('colreduct2_32x8x64', 0.3015249718589795)
('colreduct_disc', 1.0)

Results for (M, N) = (10240, 133120)
('colreduct1_512x32', 0.3002322054150577)
('colreduct1_256x32', 0.3004330646207432)
('colreduct2_32x8x64', 0.3056249707555844)
('colreduct_disc', 1.0)

Results for (M, N) = (10240, 135168)
('colreduct1_256x32', 0.30009223186931344)
('colreduct1_512x32', 0.3006062391993101)
('colreduct2_32x8x64', 0.30642054445747907)
('colreduct_disc', 1.0)

Results for (M, N) = (10240, 137216)
('colreduct1_256x32', 0.30027591532812176)
('colreduct1_512x32', 0.3006170984781228)
('colreduct2_32x8x64', 0.3058613187923624)
('colreduct_disc', 1.0)

Results for (M, N) = (10240, 139264)
('colreduct1_256x32', 0.30132297742464226)
('colreduct1_512x32', 0.3019986622238458)
('colreduct2_32x8x64', 0.3104258726379465)
('colreduct_disc', 1.0)

Results for (M, N) = (10240, 141312)
('colreduct1_256x32', 0.2995511372903846)
('colreduct1_512x32', 0.30106922480866954)
('colreduct2_32x8x64', 0.3083034830223096)
('colreduct_disc', 1.0)

Results for (M, N) = (10240, 143360)
('colreduct1_512x32', 0.29946516137711987)
('colreduct1_256x32', 0.2995042229677445)
('colreduct2_32x8x64', 0.31234153571515455)
('colreduct_disc', 1.0)

Results for (M, N) = (10240, 145408)
('colreduct1_512x32', 0.30192365862323123)
('colreduct1_256x32', 0.30225589807194725)
('colreduct2_32x8x64', 0.3107727668141835)
('colreduct_disc', 1.0)

Results for (M, N) = (10240, 147456)
('colreduct1_512x32', 0.3032486852139639)
('colreduct1_256x32', 0.30333337256413)
('colreduct2_32x8x64', 0.3066383113291206)
('colreduct_disc', 1.0)

Results for (M, N) = (10240, 149504)
('colreduct1_256x32', 0.30546634442804826)
('colreduct1_512x32', 0.306039473414089)
('colreduct2_32x8x64', 0.3098864665609566)
('colreduct_disc', 1.0)

Results for (M, N) = (10240, 151552)
('colreduct1_256x32', 0.3023327781718407)
('colreduct1_512x32', 0.30293879983397254)
('colreduct2_32x8x64', 0.30849082825744706)
('colreduct_disc', 1.0)

Results for (M, N) = (10240, 153600)
('colreduct1_256x32', 0.30288182878350617)
('colreduct1_512x32', 0.3040476869477188)
('colreduct2_32x8x64', 0.3086302243263728)
('colreduct_disc', 1.0)

Results for (M, N) = (10240, 155648)
('colreduct1_256x32', 0.30433054906862794)
('colreduct1_512x32', 0.30568198335255187)
('colreduct2_32x8x64', 0.30639250380333144)
('colreduct_disc', 1.0)

Results for (M, N) = (10240, 157696)
('colreduct1_256x32', 0.30478120281246474)
('colreduct1_512x32', 0.3050744865900554)
('colreduct2_32x8x64', 0.3090875583938279)
('colreduct_disc', 1.0)

Results for (M, N) = (10240, 159744)
('colreduct1_256x32', 0.30464713655453773)
('colreduct2_32x8x64', 0.3047627123567963)
('colreduct1_512x32', 0.30673001351263285)
('colreduct_disc', 1.0)

Results for (M, N) = (10240, 161792)
('colreduct2_32x8x64', 0.3015816585417732)
('colreduct1_256x32', 0.3079577052047078)
('colreduct1_512x32', 0.3086567567506635)
('colreduct_disc', 1.0)

Results for (M, N) = (10240, 163840)
('colreduct1_256x32', 0.30519310113739706)
('colreduct1_512x32', 0.30645384629031347)
('colreduct2_32x8x64', 0.35225592819405094)
('colreduct_disc', 1.0)

Results for (M, N) = (10240, 165888)
('colreduct2_32x8x64', 0.30728970886466234)
('colreduct1_256x32', 0.30982781569332424)
('colreduct1_512x32', 0.31095505511579585)
('colreduct_disc', 1.0)

Results for (M, N) = (10240, 167936)
('colreduct2_32x8x64', 0.3041824981664996)
('colreduct1_256x32', 0.31101526451947004)
('colreduct1_512x32', 0.3115115789172324)
('colreduct_disc', 1.0)

Results for (M, N) = (10240, 169984)
('colreduct2_32x8x64', 0.30837539637485156)
('colreduct1_256x32', 0.30854285742504756)
('colreduct1_512x32', 0.31084249860731666)
('colreduct_disc', 1.0)

Results for (M, N) = (10240, 172032)
('colreduct2_32x8x64', 0.3080720511906249)
('colreduct1_512x32', 0.30995546060162604)
('colreduct1_256x32', 0.30998576298076347)
('colreduct_disc', 1.0)

Results for (M, N) = (10240, 174080)
('colreduct2_32x8x64', 0.3014400319187921)
('colreduct1_256x32', 0.3088229150328404)
('colreduct1_512x32', 0.31085838854913334)
('colreduct_disc', 1.0)

Results for (M, N) = (10240, 176128)
('colreduct1_256x32', 0.3067332381439187)
('colreduct1_512x32', 0.3084705527379227)
('colreduct2_32x8x64', 0.30895490877002063)
('colreduct_disc', 1.0)

Results for (M, N) = (10240, 178176)
('colreduct2_32x8x64', 0.30545037541665687)
('colreduct1_256x32', 0.3067685884495119)
('colreduct1_512x32', 0.3082171279265989)
('colreduct_disc', 1.0)

Results for (M, N) = (10240, 180224)
('colreduct1_256x32', 0.3078468816150055)
('colreduct2_32x8x64', 0.3084026914535622)
('colreduct1_512x32', 0.3106348237652059)
('colreduct_disc', 1.0)

Results for (M, N) = (10240, 182272)
('colreduct2_32x8x64', 0.3048935714375733)
('colreduct1_256x32', 0.3087412755725949)
('colreduct1_512x32', 0.3096536177901774)
('colreduct_disc', 1.0)

Results for (M, N) = (10240, 184320)
('colreduct2_32x8x64', 0.3046614132432099)
('colreduct1_256x32', 0.30944164555744164)
('colreduct1_512x32', 0.3110081534700438)
('colreduct_disc', 1.0)

Results for (M, N) = (10240, 186368)
('colreduct2_32x8x64', 0.30470226988860116)
('colreduct1_256x32', 0.30887666607587816)
('colreduct1_512x32', 0.31091748198965796)
('colreduct_disc', 1.0)

Results for (M, N) = (10240, 188416)
('colreduct2_32x8x64', 0.3031224463294345)
('colreduct1_256x32', 0.3092754160375674)
('colreduct1_512x32', 0.31154234534250924)
('colreduct_disc', 1.0)

Results for (M, N) = (10240, 190464)
('colreduct2_32x8x64', 0.30446326597611817)
('colreduct1_256x32', 0.31000139377977887)
('colreduct1_512x32', 0.3129924055516032)
('colreduct_disc', 1.0)

Results for (M, N) = (10240, 192512)
('colreduct2_32x8x64', 0.30813357650005335)
('colreduct1_256x32', 0.3085155813411166)
('colreduct1_512x32', 0.31106870216628335)
('colreduct_disc', 1.0)

Results for (M, N) = (10240, 194560)
('colreduct2_32x8x64', 0.30821698584604224)
('colreduct1_256x32', 0.3107274528456787)
('colreduct1_512x32', 0.31217468752227834)
('colreduct_disc', 1.0)

Results for (M, N) = (10240, 196608)
('colreduct1_256x32', 0.30993023865374303)
('colreduct2_32x8x64', 0.31150309585843)
('colreduct1_512x32', 0.31246114776507966)
('colreduct_disc', 1.0)

Results for (M, N) = (12288, 8192)
('colreduct1_512x32', 0.2523326630057314)
('colreduct2_32x8x64', 0.2564195700437309)
('colreduct1_256x32', 0.2568422396646821)
('colreduct_disc', 1.0)

Results for (M, N) = (12288, 10240)
('colreduct2_32x8x64', 0.25078168781719246)
('colreduct1_256x32', 0.25720628003889673)
('colreduct1_512x32', 0.25966525779549193)
('colreduct_disc', 1.0)

Results for (M, N) = (12288, 12288)
('colreduct2_32x8x64', 0.25219076060236356)
('colreduct1_512x32', 0.2579252326237777)
('colreduct1_256x32', 0.2608846076806818)
('colreduct_disc', 1.0)

Results for (M, N) = (12288, 14336)
('colreduct2_32x8x64', 0.25530755108512077)
('colreduct1_256x32', 0.25668306947426917)
('colreduct1_512x32', 0.25845728884577934)
('colreduct_disc', 1.0)

Results for (M, N) = (12288, 16384)
('colreduct2_32x8x64', 0.25379915960652505)
('colreduct1_256x32', 0.25610594944872567)
('colreduct1_512x32', 0.2585360028702805)
('colreduct_disc', 1.0)

Results for (M, N) = (12288, 18432)
('colreduct1_256x32', 0.29650315145111)
('colreduct2_32x8x64', 0.29842647825696217)
('colreduct1_512x32', 0.3052955025635771)
('colreduct_disc', 1.0)

Results for (M, N) = (12288, 20480)
('colreduct1_512x32', 0.2843841368987709)
('colreduct1_256x32', 0.28645691120753053)
('colreduct2_32x8x64', 0.2939188987190653)
('colreduct_disc', 1.0)

Results for (M, N) = (12288, 22528)
('colreduct2_32x8x64', 0.2922014163565258)
('colreduct1_256x32', 0.2940706064297914)
('colreduct1_512x32', 0.2947233394712492)
('colreduct_disc', 1.0)

Results for (M, N) = (12288, 24576)
('colreduct1_256x32', 0.29691391422430846)
('colreduct1_512x32', 0.2986653550463523)
('colreduct2_32x8x64', 0.3121880179207254)
('colreduct_disc', 1.0)

Results for (M, N) = (12288, 26624)
('colreduct2_32x8x64', 0.2977620397385491)
('colreduct1_256x32', 0.29800270190784145)
('colreduct1_512x32', 0.2981923025313465)
('colreduct_disc', 1.0)

Results for (M, N) = (12288, 28672)
('colreduct1_512x32', 0.2898315981123885)
('colreduct1_256x32', 0.2912164138385747)
('colreduct2_32x8x64', 0.29306998593373335)
('colreduct_disc', 1.0)

Results for (M, N) = (12288, 30720)
('colreduct1_256x32', 0.2984165735478891)
('colreduct1_512x32', 0.29846062357633235)
('colreduct2_32x8x64', 0.3029203448153633)
('colreduct_disc', 1.0)

Results for (M, N) = (12288, 32768)
('colreduct1_512x32', 0.29284323077065744)
('colreduct1_256x32', 0.29564693531877906)
('colreduct2_32x8x64', 0.2986041273421629)
('colreduct_disc', 1.0)

Results for (M, N) = (12288, 34816)
('colreduct1_256x32', 0.29470519714924487)
('colreduct1_512x32', 0.2983268986401203)
('colreduct2_32x8x64', 0.3027657265656444)
('colreduct_disc', 1.0)

Results for (M, N) = (12288, 36864)
('colreduct1_256x32', 0.2942658180062433)
('colreduct1_512x32', 0.29568540376768365)
('colreduct2_32x8x64', 0.3042487114254044)
('colreduct_disc', 1.0)

Results for (M, N) = (12288, 38912)
('colreduct1_512x32', 0.29295783341441406)
('colreduct1_256x32', 0.29363355134441066)
('colreduct2_32x8x64', 0.3050341256505071)
('colreduct_disc', 1.0)

Results for (M, N) = (12288, 40960)
('colreduct1_256x32', 0.2970141553166811)
('colreduct1_512x32', 0.2976348323977919)
('colreduct2_32x8x64', 0.31660246538108927)
('colreduct_disc', 1.0)

Results for (M, N) = (12288, 43008)
('colreduct1_512x32', 0.2959553217069288)
('colreduct1_256x32', 0.2962150563447072)
('colreduct2_32x8x64', 0.30527403971972267)
('colreduct_disc', 1.0)

Results for (M, N) = (12288, 45056)
('colreduct1_512x32', 0.2938304724032)
('colreduct1_256x32', 0.29418136612133977)
('colreduct2_32x8x64', 0.30213441304457306)
('colreduct_disc', 1.0)

Results for (M, N) = (12288, 47104)
('colreduct1_256x32', 0.2956979223388233)
('colreduct1_512x32', 0.2976938483701994)
('colreduct2_32x8x64', 0.30803245802912627)
('colreduct_disc', 1.0)

Results for (M, N) = (12288, 49152)
('colreduct1_256x32', 0.29319371164479224)
('colreduct1_512x32', 0.295169823159106)
('colreduct2_32x8x64', 0.3072055128002924)
('colreduct_disc', 1.0)

Results for (M, N) = (12288, 51200)
('colreduct1_512x32', 0.29417927700649593)
('colreduct1_256x32', 0.29641570920444)
('colreduct2_32x8x64', 0.30819821040068796)
('colreduct_disc', 1.0)

Results for (M, N) = (12288, 53248)
('colreduct1_512x32', 0.2936001014178461)
('colreduct1_256x32', 0.29596175642536215)
('colreduct2_32x8x64', 0.30667173491374816)
('colreduct_disc', 1.0)

Results for (M, N) = (12288, 55296)
('colreduct1_512x32', 0.29378490624178444)
('colreduct1_256x32', 0.2940231750812033)
('colreduct2_32x8x64', 0.30879565220462635)
('colreduct_disc', 1.0)

Results for (M, N) = (12288, 57344)
('colreduct1_512x32', 0.29402434080879253)
('colreduct1_256x32', 0.29435330044226793)
('colreduct2_32x8x64', 0.30894140202191706)
('colreduct_disc', 1.0)

Results for (M, N) = (12288, 59392)
('colreduct1_256x32', 0.2935368556755939)
('colreduct1_512x32', 0.2941511624201326)
('colreduct2_32x8x64', 0.3165922860750271)
('colreduct_disc', 1.0)

Results for (M, N) = (12288, 61440)
('colreduct1_512x32', 0.2967589688432507)
('colreduct1_256x32', 0.29677000736648945)
('colreduct2_32x8x64', 0.3098120225730901)
('colreduct_disc', 1.0)

Results for (M, N) = (12288, 63488)
('colreduct1_512x32', 0.2944677004316167)
('colreduct1_256x32', 0.29521123198914684)
('colreduct2_32x8x64', 0.30595800913410515)
('colreduct_disc', 1.0)

Results for (M, N) = (12288, 65536)
('colreduct1_256x32', 0.29548863266042585)
('colreduct1_512x32', 0.29634399329835226)
('colreduct2_32x8x64', 0.30367780778891623)
('colreduct_disc', 1.0)

Results for (M, N) = (12288, 67584)
('colreduct1_512x32', 0.29414082376969686)
('colreduct1_256x32', 0.2941657903651724)
('colreduct2_32x8x64', 0.30476660680405265)
('colreduct_disc', 1.0)

Results for (M, N) = (12288, 69632)
('colreduct1_512x32', 0.29437718230140725)
('colreduct1_256x32', 0.2951316472967413)
('colreduct2_32x8x64', 0.3077091567864963)
('colreduct_disc', 1.0)

Results for (M, N) = (12288, 71680)
('colreduct1_512x32', 0.29201950961026835)
('colreduct1_256x32', 0.29272135726809306)
('colreduct2_32x8x64', 0.31841833951324816)
('colreduct_disc', 1.0)

Results for (M, N) = (12288, 73728)
('colreduct1_512x32', 0.2928736987967807)
('colreduct1_256x32', 0.293251331025644)
('colreduct2_32x8x64', 0.30442560517128664)
('colreduct_disc', 1.0)

Results for (M, N) = (12288, 75776)
('colreduct1_512x32', 0.2956813509485757)
('colreduct1_256x32', 0.2967413538789357)
('colreduct2_32x8x64', 0.3083010275250061)
('colreduct_disc', 1.0)

Results for (M, N) = (12288, 77824)
('colreduct1_512x32', 0.29757600188770383)
('colreduct1_256x32', 0.29797478203224537)
('colreduct2_32x8x64', 0.31062304792107404)
('colreduct_disc', 1.0)

Results for (M, N) = (12288, 79872)
('colreduct1_512x32', 0.29530289075886723)
('colreduct1_256x32', 0.2956401088427701)
('colreduct2_32x8x64', 0.31187098581667855)
('colreduct_disc', 1.0)

Results for (M, N) = (12288, 81920)
('colreduct1_512x32', 0.2948740233750272)
('colreduct1_256x32', 0.29600704081098567)
('colreduct2_32x8x64', 0.36833392674480747)
('colreduct_disc', 1.0)

Results for (M, N) = (12288, 83968)
('colreduct1_512x32', 0.2936743226026504)
('colreduct1_256x32', 0.2950869255540062)
('colreduct2_32x8x64', 0.30383453046156317)
('colreduct_disc', 1.0)

Results for (M, N) = (12288, 86016)
('colreduct1_512x32', 0.29755847102114835)
('colreduct1_256x32', 0.2984041669207032)
('colreduct2_32x8x64', 0.3094690160623219)
('colreduct_disc', 1.0)

Results for (M, N) = (12288, 88064)
('colreduct1_512x32', 0.2935171228228476)
('colreduct1_256x32', 0.2938766361500508)
('colreduct2_32x8x64', 0.3010414535951811)
('colreduct_disc', 1.0)

Results for (M, N) = (12288, 90112)
('colreduct1_256x32', 0.29389029629781493)
('colreduct1_512x32', 0.2954085407105642)
('colreduct2_32x8x64', 0.30326967289213264)
('colreduct_disc', 1.0)

Results for (M, N) = (12288, 92160)
('colreduct1_256x32', 0.2936238232879011)
('colreduct1_512x32', 0.29410197352174644)
('colreduct2_32x8x64', 0.30297877786305855)
('colreduct_disc', 1.0)

Results for (M, N) = (12288, 94208)
('colreduct1_256x32', 0.29440986446477346)
('colreduct1_512x32', 0.29523891664234764)
('colreduct2_32x8x64', 0.3064652162590232)
('colreduct_disc', 1.0)

Results for (M, N) = (12288, 96256)
('colreduct1_512x32', 0.29484506535905275)
('colreduct1_256x32', 0.29488348264962744)
('colreduct2_32x8x64', 0.30572425269365777)
('colreduct_disc', 1.0)

Results for (M, N) = (12288, 98304)
('colreduct1_256x32', 0.29418072607631474)
('colreduct1_512x32', 0.29511029035806446)
('colreduct2_32x8x64', 0.30776413421141713)
('colreduct_disc', 1.0)

Results for (M, N) = (12288, 100352)
('colreduct1_256x32', 0.2944881879859303)
('colreduct1_512x32', 0.29539720761580673)
('colreduct2_32x8x64', 0.31011584130227965)
('colreduct_disc', 1.0)

Results for (M, N) = (12288, 102400)
('colreduct1_256x32', 0.2948906639476614)
('colreduct1_512x32', 0.29517398518081706)
('colreduct2_32x8x64', 0.30485961803520845)
('colreduct_disc', 1.0)

Results for (M, N) = (12288, 104448)
('colreduct1_512x32', 0.2965294401851268)
('colreduct1_256x32', 0.29655535922780696)
('colreduct2_32x8x64', 0.30509892367125424)
('colreduct_disc', 1.0)

Results for (M, N) = (12288, 106496)
('colreduct1_256x32', 0.29602366382462936)
('colreduct1_512x32', 0.29645898777596835)
('colreduct2_32x8x64', 0.30713808122153713)
('colreduct_disc', 1.0)

Results for (M, N) = (12288, 108544)
('colreduct1_256x32', 0.2952632847708456)
('colreduct1_512x32', 0.2963091627314507)
('colreduct2_32x8x64', 0.311659569301794)
('colreduct_disc', 1.0)

Results for (M, N) = (12288, 110592)
('colreduct1_256x32', 0.2963644297615589)
('colreduct1_512x32', 0.2976444196193958)
('colreduct2_32x8x64', 0.30480799054289115)
('colreduct_disc', 1.0)

Results for (M, N) = (12288, 112640)
('colreduct1_256x32', 0.2946007880259951)
('colreduct1_512x32', 0.2954731775805469)
('colreduct2_32x8x64', 0.31423602031797604)
('colreduct_disc', 1.0)

Results for (M, N) = (12288, 114688)
('colreduct1_256x32', 0.29852941636873964)
('colreduct1_512x32', 0.30013824992573696)
('colreduct2_32x8x64', 0.3097616933709833)
('colreduct_disc', 1.0)

Results for (M, N) = (12288, 116736)
('colreduct1_256x32', 0.29658066050218623)
('colreduct1_512x32', 0.29799060451800197)
('colreduct2_32x8x64', 0.3083936270314236)
('colreduct_disc', 1.0)

Results for (M, N) = (12288, 118784)
('colreduct1_256x32', 0.2956089431749164)
('colreduct1_512x32', 0.29604610191457015)
('colreduct2_32x8x64', 0.30685661448936197)
('colreduct_disc', 1.0)

Results for (M, N) = (12288, 120832)
('colreduct1_256x32', 0.2978676399359114)
('colreduct1_512x32', 0.29872624293586475)
('colreduct2_32x8x64', 0.319455372506166)
('colreduct_disc', 1.0)

Results for (M, N) = (12288, 122880)
('colreduct1_512x32', 0.2993288747394031)
('colreduct1_256x32', 0.29943872631266405)
('colreduct2_32x8x64', 0.32247337301789414)
('colreduct_disc', 1.0)

Results for (M, N) = (12288, 124928)
('colreduct1_256x32', 0.2991087969602586)
('colreduct1_512x32', 0.29951651982007216)
('colreduct2_32x8x64', 0.3061791146010846)
('colreduct_disc', 1.0)

Results for (M, N) = (12288, 126976)
('colreduct1_256x32', 0.29794642078133016)
('colreduct1_512x32', 0.2984757044331227)
('colreduct2_32x8x64', 0.3064122300911815)
('colreduct_disc', 1.0)

Results for (M, N) = (12288, 129024)
('colreduct1_256x32', 0.29837405017150714)
('colreduct1_512x32', 0.29966449433311226)
('colreduct2_32x8x64', 0.30679935740346637)
('colreduct_disc', 1.0)

Results for (M, N) = (12288, 131072)
('colreduct1_256x32', 0.2980598422254652)
('colreduct1_512x32', 0.3005603360295802)
('colreduct2_32x8x64', 0.30342862044435054)
('colreduct_disc', 1.0)

Results for (M, N) = (12288, 133120)
('colreduct1_256x32', 0.2991916246482546)
('colreduct1_512x32', 0.2998714339243378)
('colreduct2_32x8x64', 0.30567763612178)
('colreduct_disc', 1.0)

Results for (M, N) = (12288, 135168)
('colreduct1_256x32', 0.30063511984366953)
('colreduct1_512x32', 0.30100374745459363)
('colreduct2_32x8x64', 0.3072654353861024)
('colreduct_disc', 1.0)

Results for (M, N) = (12288, 137216)
('colreduct1_256x32', 0.3014341504283046)
('colreduct1_512x32', 0.3018829403279569)
('colreduct2_32x8x64', 0.30693979701147)
('colreduct_disc', 1.0)

Results for (M, N) = (12288, 139264)
('colreduct1_512x32', 0.3017992530547204)
('colreduct1_256x32', 0.3019176299361913)
('colreduct2_32x8x64', 0.31199341380342427)
('colreduct_disc', 1.0)

Results for (M, N) = (12288, 141312)
('colreduct1_256x32', 0.2993205593343562)
('colreduct1_512x32', 0.3010857921433907)
('colreduct2_32x8x64', 0.30827043241735863)
('colreduct_disc', 1.0)

Results for (M, N) = (12288, 143360)
('colreduct1_512x32', 0.2998488068920149)
('colreduct1_256x32', 0.29986967565649897)
('colreduct2_32x8x64', 0.31259278692606074)
('colreduct_disc', 1.0)

Results for (M, N) = (12288, 145408)
('colreduct1_256x32', 0.3008477423772262)
('colreduct1_512x32', 0.3028919658434205)
('colreduct2_32x8x64', 0.31197592934259233)
('colreduct_disc', 1.0)

Results for (M, N) = (12288, 147456)
('colreduct1_256x32', 0.30167213023847056)
('colreduct1_512x32', 0.3036400114034732)
('colreduct2_32x8x64', 0.3056670427537824)
('colreduct_disc', 1.0)

Results for (M, N) = (12288, 149504)
('colreduct1_512x32', 0.3049522416406153)
('colreduct1_256x32', 0.30546139664603905)
('colreduct2_32x8x64', 0.3094664959393604)
('colreduct_disc', 1.0)

Results for (M, N) = (12288, 151552)
('colreduct1_256x32', 0.3014789112467147)
('colreduct1_512x32', 0.3023545678685578)
('colreduct2_32x8x64', 0.3089958829526116)
('colreduct_disc', 1.0)

Results for (M, N) = (12288, 153600)
('colreduct1_256x32', 0.3032708683033845)
('colreduct1_512x32', 0.3039678452384805)
('colreduct2_32x8x64', 0.30868983495296654)
('colreduct_disc', 1.0)

Results for (M, N) = (12288, 155648)
('colreduct1_256x32', 0.30367269674925584)
('colreduct2_32x8x64', 0.30543461280284384)
('colreduct1_512x32', 0.3055702380023694)
('colreduct_disc', 1.0)

Results for (M, N) = (12288, 157696)
('colreduct1_256x32', 0.30383192007290044)
('colreduct1_512x32', 0.30566505196705884)
('colreduct2_32x8x64', 0.31066308448337754)
('colreduct_disc', 1.0)

Results for (M, N) = (12288, 159744)
('colreduct2_32x8x64', 0.30296393170571606)
('colreduct1_256x32', 0.3035860527838053)
('colreduct1_512x32', 0.3058985836599349)
('colreduct_disc', 1.0)

Results for (M, N) = (12288, 161792)
('colreduct2_32x8x64', 0.30342877735029905)
('colreduct1_256x32', 0.3061047596506987)
('colreduct1_512x32', 0.3080194353586591)
('colreduct_disc', 1.0)

Results for (M, N) = (12288, 163840)
('colreduct1_256x32', 0.3048417301398917)
('colreduct1_512x32', 0.30766509169894973)
('colreduct2_32x8x64', 0.352325887158948)
('colreduct_disc', 1.0)

Results for (M, N) = (12288, 165888)
('colreduct2_32x8x64', 0.3074318724615771)
('colreduct1_256x32', 0.30907000855771943)
('colreduct1_512x32', 0.31058076983622934)
('colreduct_disc', 1.0)

Results for (M, N) = (12288, 167936)
('colreduct2_32x8x64', 0.30268748032610604)
('colreduct1_256x32', 0.3088851375156257)
('colreduct1_512x32', 0.3110444968957345)
('colreduct_disc', 1.0)

Results for (M, N) = (12288, 169984)
('colreduct1_256x32', 0.30790685880132335)
('colreduct2_32x8x64', 0.3087599788415419)
('colreduct1_512x32', 0.30998855032803163)
('colreduct_disc', 1.0)

Results for (M, N) = (12288, 172032)
('colreduct1_256x32', 0.3077089214118706)
('colreduct2_32x8x64', 0.30825296584669987)
('colreduct1_512x32', 0.3094518066191628)
('colreduct_disc', 1.0)

Results for (M, N) = (12288, 174080)
('colreduct2_32x8x64', 0.3033536478835396)
('colreduct1_256x32', 0.30792261433561424)
('colreduct1_512x32', 0.31016468521483903)
('colreduct_disc', 1.0)

